<?xml version="1.0" encoding="UTF-8"?>
<testsuite xmlns:xsi="http://www.w3.org/2001/XMLSchema-instance" xsi:noNamespaceSchemaLocation="https://maven.apache.org/surefire/maven-surefire-plugin/xsd/surefire-test-report.xsd" name="com.talenteo.hr.api.AddressResourceTest" time="39.696" tests="2" errors="0" skipped="0" failures="0">
  <properties>
    <property name="sun.desktop" value="windows"/>
    <property name="awt.toolkit" value="sun.awt.windows.WToolkit"/>
    <property name="java.specification.version" value="11"/>
    <property name="sun.cpu.isalist" value="amd64"/>
    <property name="sun.jnu.encoding" value="Cp1252"/>
    <property name="java.class.path" value="C:\Users\ThinKPad\training\hr-ms\target\test-classes;C:\Users\ThinKPad\training\hr-ms\target\classes;C:\Users\ThinKPad\.m2\repository\com\easyms\easyms-azure-keyvault-starter\1.0.4-SNAPSHOT\easyms-azure-keyvault-starter-1.0.4-SNAPSHOT.jar;C:\Users\ThinKPad\.m2\repository\com\microsoft\azure\azure-keyvault-secrets-spring-boot-starter\2.2.3\azure-keyvault-secrets-spring-boot-starter-2.2.3.jar;C:\Users\ThinKPad\.m2\repository\org\springframework\boot\spring-boot-starter-validation\2.1.3.RELEASE\spring-boot-starter-validation-2.1.3.RELEASE.jar;C:\Users\ThinKPad\.m2\repository\org\apache\tomcat\embed\tomcat-embed-el\9.0.16\tomcat-embed-el-9.0.16.jar;C:\Users\ThinKPad\.m2\repository\com\microsoft\azure\azure-spring-boot\2.2.3\azure-spring-boot-2.2.3.jar;C:\Users\ThinKPad\.m2\repository\com\azure\azure-security-keyvault-secrets\4.1.0\azure-security-keyvault-secrets-4.1.0.jar;C:\Users\ThinKPad\.m2\repository\com\azure\azure-core-http-netty\1.2.0\azure-core-http-netty-1.2.0.jar;C:\Users\ThinKPad\.m2\repository\io\netty\netty-handler\4.1.33.Final\netty-handler-4.1.33.Final.jar;C:\Users\ThinKPad\.m2\repository\io\netty\netty-common\4.1.33.Final\netty-common-4.1.33.Final.jar;C:\Users\ThinKPad\.m2\repository\io\netty\netty-transport\4.1.33.Final\netty-transport-4.1.33.Final.jar;C:\Users\ThinKPad\.m2\repository\io\netty\netty-resolver\4.1.33.Final\netty-resolver-4.1.33.Final.jar;C:\Users\ThinKPad\.m2\repository\io\netty\netty-codec\4.1.33.Final\netty-codec-4.1.33.Final.jar;C:\Users\ThinKPad\.m2\repository\io\netty\netty-handler-proxy\4.1.33.Final\netty-handler-proxy-4.1.33.Final.jar;C:\Users\ThinKPad\.m2\repository\io\netty\netty-codec-socks\4.1.33.Final\netty-codec-socks-4.1.33.Final.jar;C:\Users\ThinKPad\.m2\repository\io\netty\netty-buffer\4.1.33.Final\netty-buffer-4.1.33.Final.jar;C:\Users\ThinKPad\.m2\repository\io\netty\netty-codec-http\4.1.33.Final\netty-codec-http-4.1.33.Final.jar;C:\Users\ThinKPad\.m2\repository\io\netty\netty-codec-http2\4.1.33.Final\netty-codec-http2-4.1.33.Final.jar;C:\Users\ThinKPad\.m2\repository\io\netty\netty-transport-native-unix-common\4.1.33.Final\netty-transport-native-unix-common-4.1.33.Final.jar;C:\Users\ThinKPad\.m2\repository\io\netty\netty-transport-native-epoll\4.1.33.Final\netty-transport-native-epoll-4.1.33.Final-linux-x86_64.jar;C:\Users\ThinKPad\.m2\repository\io\projectreactor\netty\reactor-netty\0.8.5.RELEASE\reactor-netty-0.8.5.RELEASE.jar;C:\Users\ThinKPad\.m2\repository\com\microsoft\azure\azure-client-authentication\1.6.13\azure-client-authentication-1.6.13.jar;C:\Users\ThinKPad\.m2\repository\com\microsoft\azure\azure-client-runtime\1.6.13\azure-client-runtime-1.6.13.jar;C:\Users\ThinKPad\.m2\repository\com\microsoft\rest\client-runtime\1.6.13\client-runtime-1.6.13.jar;C:\Users\ThinKPad\.m2\repository\com\squareup\retrofit2\retrofit\2.5.0\retrofit-2.5.0.jar;C:\Users\ThinKPad\.m2\repository\com\squareup\okhttp3\okhttp\3.8.1\okhttp-3.8.1.jar;C:\Users\ThinKPad\.m2\repository\com\squareup\okio\okio\1.13.0\okio-1.13.0.jar;C:\Users\ThinKPad\.m2\repository\com\squareup\okhttp3\logging-interceptor\3.8.1\logging-interceptor-3.8.1.jar;C:\Users\ThinKPad\.m2\repository\com\squareup\okhttp3\okhttp-urlconnection\3.12.2\okhttp-urlconnection-3.12.2.jar;C:\Users\ThinKPad\.m2\repository\com\squareup\retrofit2\converter-jackson\2.5.0\converter-jackson-2.5.0.jar;C:\Users\ThinKPad\.m2\repository\io\reactivex\rxjava\1.3.8\rxjava-1.3.8.jar;C:\Users\ThinKPad\.m2\repository\com\squareup\retrofit2\adapter-rxjava\2.4.0\adapter-rxjava-2.4.0.jar;C:\Users\ThinKPad\.m2\repository\com\microsoft\azure\adal4j\1.6.4\adal4j-1.6.4.jar;C:\Users\ThinKPad\.m2\repository\com\microsoft\azure\azure-annotations\1.7.0\azure-annotations-1.7.0.jar;C:\Users\ThinKPad\.m2\repository\commons-io\commons-io\2.3\commons-io-2.3.jar;C:\Users\ThinKPad\.m2\repository\com\easyms\easyms-secured-rest-starter\1.0.4-SNAPSHOT\easyms-secured-rest-starter-1.0.4-SNAPSHOT.jar;C:\Users\ThinKPad\.m2\repository\com\easyms\easyms-rest-starter\1.0.4-SNAPSHOT\easyms-rest-starter-1.0.4-SNAPSHOT.jar;C:\Users\ThinKPad\.m2\repository\org\springframework\spring-context\5.1.5.RELEASE\spring-context-5.1.5.RELEASE.jar;C:\Users\ThinKPad\.m2\repository\org\springframework\boot\spring-boot-starter-hateoas\2.1.3.RELEASE\spring-boot-starter-hateoas-2.1.3.RELEASE.jar;C:\Users\ThinKPad\.m2\repository\org\springframework\hateoas\spring-hateoas\0.25.1.RELEASE\spring-hateoas-0.25.1.RELEASE.jar;C:\Users\ThinKPad\.m2\repository\org\springframework\plugin\spring-plugin-core\1.2.0.RELEASE\spring-plugin-core-1.2.0.RELEASE.jar;C:\Users\ThinKPad\.m2\repository\org\springframework\boot\spring-boot-starter-actuator\2.1.3.RELEASE\spring-boot-starter-actuator-2.1.3.RELEASE.jar;C:\Users\ThinKPad\.m2\repository\org\springframework\boot\spring-boot-actuator-autoconfigure\2.1.3.RELEASE\spring-boot-actuator-autoconfigure-2.1.3.RELEASE.jar;C:\Users\ThinKPad\.m2\repository\io\micrometer\micrometer-core\1.1.3\micrometer-core-1.1.3.jar;C:\Users\ThinKPad\.m2\repository\org\hdrhistogram\HdrHistogram\2.1.9\HdrHistogram-2.1.9.jar;C:\Users\ThinKPad\.m2\repository\org\latencyutils\LatencyUtils\2.0.3\LatencyUtils-2.0.3.jar;C:\Users\ThinKPad\.m2\repository\org\springframework\boot\spring-boot-actuator\2.1.3.RELEASE\spring-boot-actuator-2.1.3.RELEASE.jar;C:\Users\ThinKPad\.m2\repository\org\springframework\cloud\spring-cloud-starter-config\2.1.1.RELEASE\spring-cloud-starter-config-2.1.1.RELEASE.jar;C:\Users\ThinKPad\.m2\repository\org\springframework\cloud\spring-cloud-starter\2.1.1.RELEASE\spring-cloud-starter-2.1.1.RELEASE.jar;C:\Users\ThinKPad\.m2\repository\org\springframework\cloud\spring-cloud-context\2.1.1.RELEASE\spring-cloud-context-2.1.1.RELEASE.jar;C:\Users\ThinKPad\.m2\repository\org\springframework\security\spring-security-rsa\1.0.7.RELEASE\spring-security-rsa-1.0.7.RELEASE.jar;C:\Users\ThinKPad\.m2\repository\org\springframework\cloud\spring-cloud-config-client\2.1.1.RELEASE\spring-cloud-config-client-2.1.1.RELEASE.jar;C:\Users\ThinKPad\.m2\repository\io\micrometer\micrometer-registry-jmx\1.1.3\micrometer-registry-jmx-1.1.3.jar;C:\Users\ThinKPad\.m2\repository\io\dropwizard\metrics\metrics-jmx\4.0.5\metrics-jmx-4.0.5.jar;C:\Users\ThinKPad\.m2\repository\io\dropwizard\metrics\metrics-core\4.0.5\metrics-core-4.0.5.jar;C:\Users\ThinKPad\.m2\repository\org\springframework\boot\spring-boot-starter-cache\2.1.3.RELEASE\spring-boot-starter-cache-2.1.3.RELEASE.jar;C:\Users\ThinKPad\.m2\repository\org\springframework\cloud\spring-cloud-starter-zipkin\2.1.1.RELEASE\spring-cloud-starter-zipkin-2.1.1.RELEASE.jar;C:\Users\ThinKPad\.m2\repository\org\springframework\cloud\spring-cloud-starter-sleuth\2.1.1.RELEASE\spring-cloud-starter-sleuth-2.1.1.RELEASE.jar;C:\Users\ThinKPad\.m2\repository\org\springframework\cloud\spring-cloud-sleuth-core\2.1.1.RELEASE\spring-cloud-sleuth-core-2.1.1.RELEASE.jar;C:\Users\ThinKPad\.m2\repository\org\aspectj\aspectjrt\1.9.2\aspectjrt-1.9.2.jar;C:\Users\ThinKPad\.m2\repository\io\zipkin\brave\brave\5.6.1\brave-5.6.1.jar;C:\Users\ThinKPad\.m2\repository\io\zipkin\brave\brave-context-log4j2\5.6.1\brave-context-log4j2-5.6.1.jar;C:\Users\ThinKPad\.m2\repository\io\zipkin\brave\brave-instrumentation-spring-web\5.6.1\brave-instrumentation-spring-web-5.6.1.jar;C:\Users\ThinKPad\.m2\repository\io\zipkin\brave\brave-instrumentation-http\5.6.1\brave-instrumentation-http-5.6.1.jar;C:\Users\ThinKPad\.m2\repository\io\zipkin\brave\brave-instrumentation-spring-rabbit\5.6.1\brave-instrumentation-spring-rabbit-5.6.1.jar;C:\Users\ThinKPad\.m2\repository\io\zipkin\brave\brave-instrumentation-kafka-clients\5.6.1\brave-instrumentation-kafka-clients-5.6.1.jar;C:\Users\ThinKPad\.m2\repository\io\zipkin\brave\brave-instrumentation-httpclient\5.6.1\brave-instrumentation-httpclient-5.6.1.jar;C:\Users\ThinKPad\.m2\repository\io\zipkin\brave\brave-instrumentation-httpasyncclient\5.6.1\brave-instrumentation-httpasyncclient-5.6.1.jar;C:\Users\ThinKPad\.m2\repository\io\zipkin\brave\brave-instrumentation-spring-webmvc\5.6.1\brave-instrumentation-spring-webmvc-5.6.1.jar;C:\Users\ThinKPad\.m2\repository\io\zipkin\brave\brave-instrumentation-servlet\5.6.1\brave-instrumentation-servlet-5.6.1.jar;C:\Users\ThinKPad\.m2\repository\io\zipkin\brave\brave-instrumentation-jms\5.6.1\brave-instrumentation-jms-5.6.1.jar;C:\Users\ThinKPad\.m2\repository\org\springframework\cloud\spring-cloud-sleuth-zipkin\2.1.1.RELEASE\spring-cloud-sleuth-zipkin-2.1.1.RELEASE.jar;C:\Users\ThinKPad\.m2\repository\io\zipkin\zipkin2\zipkin\2.12.0\zipkin-2.12.0.jar;C:\Users\ThinKPad\.m2\repository\io\zipkin\reporter2\zipkin-reporter\2.7.14\zipkin-reporter-2.7.14.jar;C:\Users\ThinKPad\.m2\repository\io\zipkin\reporter2\zipkin-sender-kafka11\2.7.14\zipkin-sender-kafka11-2.7.14.jar;C:\Users\ThinKPad\.m2\repository\io\zipkin\reporter2\zipkin-sender-amqp-client\2.7.14\zipkin-sender-amqp-client-2.7.14.jar;C:\Users\ThinKPad\.m2\repository\org\springframework\cloud\spring-cloud-starter-openfeign\2.1.1.RELEASE\spring-cloud-starter-openfeign-2.1.1.RELEASE.jar;C:\Users\ThinKPad\.m2\repository\org\springframework\cloud\spring-cloud-openfeign-core\2.1.1.RELEASE\spring-cloud-openfeign-core-2.1.1.RELEASE.jar;C:\Users\ThinKPad\.m2\repository\org\springframework\cloud\spring-cloud-netflix-ribbon\2.1.1.RELEASE\spring-cloud-netflix-ribbon-2.1.1.RELEASE.jar;C:\Users\ThinKPad\.m2\repository\org\springframework\cloud\spring-cloud-netflix-archaius\2.1.1.RELEASE\spring-cloud-netflix-archaius-2.1.1.RELEASE.jar;C:\Users\ThinKPad\.m2\repository\io\github\openfeign\form\feign-form-spring\3.5.0\feign-form-spring-3.5.0.jar;C:\Users\ThinKPad\.m2\repository\io\github\openfeign\form\feign-form\3.5.0\feign-form-3.5.0.jar;C:\Users\ThinKPad\.m2\repository\commons-fileupload\commons-fileupload\1.3.3\commons-fileupload-1.3.3.jar;C:\Users\ThinKPad\.m2\repository\org\springframework\cloud\spring-cloud-commons\2.1.1.RELEASE\spring-cloud-commons-2.1.1.RELEASE.jar;C:\Users\ThinKPad\.m2\repository\org\springframework\security\spring-security-crypto\5.1.4.RELEASE\spring-security-crypto-5.1.4.RELEASE.jar;C:\Users\ThinKPad\.m2\repository\io\github\openfeign\feign-core\10.1.0\feign-core-10.1.0.jar;C:\Users\ThinKPad\.m2\repository\io\github\openfeign\feign-slf4j\10.1.0\feign-slf4j-10.1.0.jar;C:\Users\ThinKPad\.m2\repository\io\github\openfeign\feign-hystrix\10.1.0\feign-hystrix-10.1.0.jar;C:\Users\ThinKPad\.m2\repository\com\netflix\archaius\archaius-core\0.7.6\archaius-core-0.7.6.jar;C:\Users\ThinKPad\.m2\repository\commons-configuration\commons-configuration\1.8\commons-configuration-1.8.jar;C:\Users\ThinKPad\.m2\repository\commons-lang\commons-lang\2.6\commons-lang-2.6.jar;C:\Users\ThinKPad\.m2\repository\com\netflix\hystrix\hystrix-core\1.5.18\hystrix-core-1.5.18.jar;C:\Users\ThinKPad\.m2\repository\com\fasterxml\jackson\core\jackson-core\2.9.8\jackson-core-2.9.8.jar;C:\Users\ThinKPad\.m2\repository\com\fasterxml\jackson\core\jackson-databind\2.9.8\jackson-databind-2.9.8.jar;C:\Users\ThinKPad\.m2\repository\com\fasterxml\jackson\datatype\jackson-datatype-joda\2.9.8\jackson-datatype-joda-2.9.8.jar;C:\Users\ThinKPad\.m2\repository\joda-time\joda-time\2.10.1\joda-time-2.10.1.jar;C:\Users\ThinKPad\.m2\repository\com\fasterxml\jackson\datatype\jackson-datatype-jsr310\2.9.8\jackson-datatype-jsr310-2.9.8.jar;C:\Users\ThinKPad\.m2\repository\de\codecentric\spring-boot-admin-starter-client\2.1.5\spring-boot-admin-starter-client-2.1.5.jar;C:\Users\ThinKPad\.m2\repository\de\codecentric\spring-boot-admin-client\2.1.5\spring-boot-admin-client-2.1.5.jar;C:\Users\ThinKPad\.m2\repository\org\jolokia\jolokia-core\1.6.0\jolokia-core-1.6.0.jar;C:\Users\ThinKPad\.m2\repository\com\googlecode\json-simple\json-simple\1.1.1\json-simple-1.1.1.jar;C:\Users\ThinKPad\.m2\repository\io\springfox\springfox-swagger-ui\2.9.2\springfox-swagger-ui-2.9.2.jar;C:\Users\ThinKPad\.m2\repository\io\springfox\springfox-spring-web\2.9.2\springfox-spring-web-2.9.2.jar;C:\Users\ThinKPad\.m2\repository\io\springfox\springfox-swagger2\2.9.2\springfox-swagger2-2.9.2.jar;C:\Users\ThinKPad\.m2\repository\io\swagger\swagger-annotations\1.5.20\swagger-annotations-1.5.20.jar;C:\Users\ThinKPad\.m2\repository\io\swagger\swagger-models\1.5.20\swagger-models-1.5.20.jar;C:\Users\ThinKPad\.m2\repository\io\springfox\springfox-spi\2.9.2\springfox-spi-2.9.2.jar;C:\Users\ThinKPad\.m2\repository\io\springfox\springfox-core\2.9.2\springfox-core-2.9.2.jar;C:\Users\ThinKPad\.m2\repository\io\springfox\springfox-schema\2.9.2\springfox-schema-2.9.2.jar;C:\Users\ThinKPad\.m2\repository\io\springfox\springfox-swagger-common\2.9.2\springfox-swagger-common-2.9.2.jar;C:\Users\ThinKPad\.m2\repository\org\springframework\plugin\spring-plugin-metadata\1.2.0.RELEASE\spring-plugin-metadata-1.2.0.RELEASE.jar;C:\Users\ThinKPad\.m2\repository\org\mapstruct\mapstruct\1.2.0.Final\mapstruct-1.2.0.Final.jar;C:\Users\ThinKPad\.m2\repository\org\apache\httpcomponents\httpclient\4.5.7\httpclient-4.5.7.jar;C:\Users\ThinKPad\.m2\repository\org\apache\httpcomponents\httpcore\4.4.11\httpcore-4.4.11.jar;C:\Users\ThinKPad\.m2\repository\org\apache\httpcomponents\httpclient-cache\4.5.7\httpclient-cache-4.5.7.jar;C:\Users\ThinKPad\.m2\repository\commons-logging\commons-logging\1.2\commons-logging-1.2.jar;C:\Users\ThinKPad\.m2\repository\ch\qos\logback\logback-access\1.2.3\logback-access-1.2.3.jar;C:\Users\ThinKPad\.m2\repository\net\logstash\logback\logstash-logback-encoder\6.0\logstash-logback-encoder-6.0.jar;C:\Users\ThinKPad\.m2\repository\org\springframework\security\oauth\spring-security-oauth2\2.3.6.RELEASE\spring-security-oauth2-2.3.6.RELEASE.jar;C:\Users\ThinKPad\.m2\repository\org\springframework\spring-beans\5.1.5.RELEASE\spring-beans-5.1.5.RELEASE.jar;C:\Users\ThinKPad\.m2\repository\org\springframework\spring-webmvc\5.1.5.RELEASE\spring-webmvc-5.1.5.RELEASE.jar;C:\Users\ThinKPad\.m2\repository\org\springframework\security\spring-security-config\5.1.4.RELEASE\spring-security-config-5.1.4.RELEASE.jar;C:\Users\ThinKPad\.m2\repository\commons-codec\commons-codec\1.11\commons-codec-1.11.jar;C:\Users\ThinKPad\.m2\repository\org\codehaus\jackson\jackson-mapper-asl\1.9.13\jackson-mapper-asl-1.9.13.jar;C:\Users\ThinKPad\.m2\repository\org\codehaus\jackson\jackson-core-asl\1.9.13\jackson-core-asl-1.9.13.jar;C:\Users\ThinKPad\.m2\repository\org\springframework\cloud\spring-cloud-starter-oauth2\2.1.2.RELEASE\spring-cloud-starter-oauth2-2.1.2.RELEASE.jar;C:\Users\ThinKPad\.m2\repository\org\springframework\cloud\spring-cloud-starter-security\2.1.2.RELEASE\spring-cloud-starter-security-2.1.2.RELEASE.jar;C:\Users\ThinKPad\.m2\repository\org\springframework\cloud\spring-cloud-security\2.1.2.RELEASE\spring-cloud-security-2.1.2.RELEASE.jar;C:\Users\ThinKPad\.m2\repository\org\springframework\boot\spring-boot-starter-security\2.1.3.RELEASE\spring-boot-starter-security-2.1.3.RELEASE.jar;C:\Users\ThinKPad\.m2\repository\org\springframework\security\oauth\boot\spring-security-oauth2-autoconfigure\2.1.2.RELEASE\spring-security-oauth2-autoconfigure-2.1.2.RELEASE.jar;C:\Users\ThinKPad\.m2\repository\com\sun\xml\bind\jaxb-core\2.3.0.1\jaxb-core-2.3.0.1.jar;C:\Users\ThinKPad\.m2\repository\com\sun\xml\bind\jaxb-impl\2.3.0.1\jaxb-impl-2.3.0.1.jar;C:\Users\ThinKPad\.m2\repository\org\springframework\security\spring-security-jwt\1.0.9.RELEASE\spring-security-jwt-1.0.9.RELEASE.jar;C:\Users\ThinKPad\.m2\repository\org\bouncycastle\bcpkix-jdk15on\1.56\bcpkix-jdk15on-1.56.jar;C:\Users\ThinKPad\.m2\repository\org\bouncycastle\bcprov-jdk15on\1.56\bcprov-jdk15on-1.56.jar;C:\Users\ThinKPad\.m2\repository\com\talenteo\hr-domain\1.0.11-SNAPSHOT\hr-domain-1.0.11-SNAPSHOT.jar;C:\Users\ThinKPad\.m2\repository\com\talenteo\career-domain\1.0.11-SNAPSHOT\career-domain-1.0.11-SNAPSHOT.jar;C:\Users\ThinKPad\.m2\repository\javax\persistence\javax.persistence-api\2.2\javax.persistence-api-2.2.jar;C:\Users\ThinKPad\.m2\repository\com\talenteo\td-domain\1.0.11-SNAPSHOT\td-domain-1.0.11-SNAPSHOT.jar;C:\Users\ThinKPad\.m2\repository\com\fasterxml\jackson\core\jackson-annotations\2.9.0\jackson-annotations-2.9.0.jar;C:\Users\ThinKPad\.m2\repository\com\talenteo\notification-domain\1.0.11-SNAPSHOT\notification-domain-1.0.11-SNAPSHOT.jar;C:\Users\ThinKPad\.m2\repository\com\easyms\easyms-test\1.0.4-SNAPSHOT\easyms-test-1.0.4-SNAPSHOT.jar;C:\Users\ThinKPad\.m2\repository\org\springframework\boot\spring-boot-starter-web\2.1.3.RELEASE\spring-boot-starter-web-2.1.3.RELEASE.jar;C:\Users\ThinKPad\.m2\repository\org\springframework\boot\spring-boot-starter-json\2.1.3.RELEASE\spring-boot-starter-json-2.1.3.RELEASE.jar;C:\Users\ThinKPad\.m2\repository\com\fasterxml\jackson\datatype\jackson-datatype-jdk8\2.9.8\jackson-datatype-jdk8-2.9.8.jar;C:\Users\ThinKPad\.m2\repository\com\fasterxml\jackson\module\jackson-module-parameter-names\2.9.8\jackson-module-parameter-names-2.9.8.jar;C:\Users\ThinKPad\.m2\repository\org\springframework\boot\spring-boot-starter-tomcat\2.1.3.RELEASE\spring-boot-starter-tomcat-2.1.3.RELEASE.jar;C:\Users\ThinKPad\.m2\repository\org\apache\tomcat\embed\tomcat-embed-core\9.0.16\tomcat-embed-core-9.0.16.jar;C:\Users\ThinKPad\.m2\repository\org\apache\tomcat\embed\tomcat-embed-websocket\9.0.16\tomcat-embed-websocket-9.0.16.jar;C:\Users\ThinKPad\.m2\repository\org\hibernate\validator\hibernate-validator\6.0.14.Final\hibernate-validator-6.0.14.Final.jar;C:\Users\ThinKPad\.m2\repository\javax\validation\validation-api\2.0.1.Final\validation-api-2.0.1.Final.jar;C:\Users\ThinKPad\.m2\repository\org\springframework\spring-web\5.1.5.RELEASE\spring-web-5.1.5.RELEASE.jar;C:\Users\ThinKPad\.m2\repository\com\talenteo\talenteo-common\1.0.7-SNAPSHOT\talenteo-common-1.0.7-SNAPSHOT.jar;C:\Users\ThinKPad\.m2\repository\org\springframework\security\spring-security-core\5.1.4.RELEASE\spring-security-core-5.1.4.RELEASE.jar;C:\Users\ThinKPad\.m2\repository\org\springframework\spring-aop\5.1.5.RELEASE\spring-aop-5.1.5.RELEASE.jar;C:\Users\ThinKPad\.m2\repository\org\springframework\spring-expression\5.1.5.RELEASE\spring-expression-5.1.5.RELEASE.jar;C:\Users\ThinKPad\.m2\repository\com\microsoft\azure\spring-starter-azure-storage\1.2.7\spring-starter-azure-storage-1.2.7.jar;C:\Users\ThinKPad\.m2\repository\com\microsoft\azure\spring-cloud-azure-autoconfigure\1.2.7\spring-cloud-azure-autoconfigure-1.2.7.jar;C:\Users\ThinKPad\.m2\repository\com\microsoft\azure\spring-cloud-azure-context\1.2.7\spring-cloud-azure-context-1.2.7.jar;C:\Users\ThinKPad\.m2\repository\com\microsoft\azure\azure\1.33.0\azure-1.33.0.jar;C:\Users\ThinKPad\.m2\repository\com\microsoft\azure\azure-mgmt-resources\1.33.0\azure-mgmt-resources-1.33.0.jar;C:\Users\ThinKPad\.m2\repository\com\microsoft\azure\azure-mgmt-storage\1.33.0\azure-mgmt-storage-1.33.0.jar;C:\Users\ThinKPad\.m2\repository\com\microsoft\azure\azure-mgmt-network\1.33.0\azure-mgmt-network-1.33.0.jar;C:\Users\ThinKPad\.m2\repository\com\microsoft\azure\azure-mgmt-compute\1.33.0\azure-mgmt-compute-1.33.0.jar;C:\Users\ThinKPad\.m2\repository\com\microsoft\azure\azure-mgmt-graph-rbac\1.33.0\azure-mgmt-graph-rbac-1.33.0.jar;C:\Users\ThinKPad\.m2\repository\com\microsoft\azure\azure-mgmt-keyvault\1.33.0\azure-mgmt-keyvault-1.33.0.jar;C:\Users\ThinKPad\.m2\repository\com\microsoft\azure\azure-keyvault\1.0.0\azure-keyvault-1.0.0.jar;C:\Users\ThinKPad\.m2\repository\com\microsoft\azure\azure-keyvault-webkey\1.0.0\azure-keyvault-webkey-1.0.0.jar;C:\Users\ThinKPad\.m2\repository\com\microsoft\azure\azure-mgmt-batch\1.33.0\azure-mgmt-batch-1.33.0.jar;C:\Users\ThinKPad\.m2\repository\com\microsoft\azure\azure-mgmt-trafficmanager\1.33.0\azure-mgmt-trafficmanager-1.33.0.jar;C:\Users\ThinKPad\.m2\repository\com\microsoft\azure\azure-mgmt-dns\1.33.0\azure-mgmt-dns-1.33.0.jar;C:\Users\ThinKPad\.m2\repository\com\microsoft\azure\azure-mgmt-redis\1.33.0\azure-mgmt-redis-1.33.0.jar;C:\Users\ThinKPad\.m2\repository\com\microsoft\azure\azure-mgmt-appservice\1.33.0\azure-mgmt-appservice-1.33.0.jar;C:\Users\ThinKPad\.m2\repository\com\microsoft\azure\azure-storage\6.1.0\azure-storage-6.1.0.jar;C:\Users\ThinKPad\.m2\repository\com\microsoft\azure\azure-keyvault-core\0.8.0\azure-keyvault-core-0.8.0.jar;C:\Users\ThinKPad\.m2\repository\com\microsoft\azure\azure-mgmt-locks\1.33.0\azure-mgmt-locks-1.33.0.jar;C:\Users\ThinKPad\.m2\repository\com\microsoft\azure\azure-mgmt-eventhub\1.33.0\azure-mgmt-eventhub-1.33.0.jar;C:\Users\ThinKPad\.m2\repository\com\microsoft\azure\azure-mgmt-cdn\1.33.0\azure-mgmt-cdn-1.33.0.jar;C:\Users\ThinKPad\.m2\repository\com\microsoft\azure\azure-mgmt-sql\1.33.0\azure-mgmt-sql-1.33.0.jar;C:\Users\ThinKPad\.m2\repository\com\microsoft\azure\azure-mgmt-containerinstance\1.33.0\azure-mgmt-containerinstance-1.33.0.jar;C:\Users\ThinKPad\.m2\repository\com\microsoft\azure\azure-mgmt-containerregistry\1.33.0\azure-mgmt-containerregistry-1.33.0.jar;C:\Users\ThinKPad\.m2\repository\com\microsoft\azure\azure-mgmt-containerservice\1.33.0\azure-mgmt-containerservice-1.33.0.jar;C:\Users\ThinKPad\.m2\repository\com\microsoft\azure\azure-mgmt-cosmosdb\1.33.0\azure-mgmt-cosmosdb-1.33.0.jar;C:\Users\ThinKPad\.m2\repository\com\microsoft\azure\azure-mgmt-search\1.33.0\azure-mgmt-search-1.33.0.jar;C:\Users\ThinKPad\.m2\repository\com\microsoft\azure\azure-mgmt-msi\1.33.0\azure-mgmt-msi-1.33.0.jar;C:\Users\ThinKPad\.m2\repository\com\microsoft\azure\azure-mgmt-monitor\1.33.0\azure-mgmt-monitor-1.33.0.jar;C:\Users\ThinKPad\.m2\repository\com\microsoft\azure\azure-mgmt-servicebus\1.33.0\azure-mgmt-servicebus-1.33.0.jar;C:\Users\ThinKPad\.m2\repository\com\microsoft\azure\azure-mgmt-batchai\1.33.0\azure-mgmt-batchai-1.33.0.jar;C:\Users\ThinKPad\.m2\repository\com\microsoft\azure\spring-cloud-azure-storage\1.2.7\spring-cloud-azure-storage-1.2.7.jar;C:\Users\ThinKPad\.m2\repository\com\azure\azure-storage-blob\12.5.0\azure-storage-blob-12.5.0.jar;C:\Users\ThinKPad\.m2\repository\com\azure\azure-storage-common\12.5.0\azure-storage-common-12.5.0.jar;C:\Users\ThinKPad\.m2\repository\com\azure\azure-storage-file-share\12.3.0\azure-storage-file-share-12.3.0.jar;C:\Users\ThinKPad\.m2\repository\org\springframework\boot\spring-boot-starter-logging\2.1.3.RELEASE\spring-boot-starter-logging-2.1.3.RELEASE.jar;C:\Users\ThinKPad\.m2\repository\org\apache\logging\log4j\log4j-to-slf4j\2.11.2\log4j-to-slf4j-2.11.2.jar;C:\Users\ThinKPad\.m2\repository\org\apache\logging\log4j\log4j-api\2.11.2\log4j-api-2.11.2.jar;C:\Users\ThinKPad\.m2\repository\org\slf4j\jul-to-slf4j\1.7.25\jul-to-slf4j-1.7.25.jar;C:\Users\ThinKPad\.m2\repository\com\azure\azure-identity\1.0.2\azure-identity-1.0.2.jar;C:\Users\ThinKPad\.m2\repository\com\azure\azure-core\1.2.0\azure-core-1.2.0.jar;C:\Users\ThinKPad\.m2\repository\com\fasterxml\jackson\dataformat\jackson-dataformat-xml\2.9.8\jackson-dataformat-xml-2.9.8.jar;C:\Users\ThinKPad\.m2\repository\com\fasterxml\jackson\module\jackson-module-jaxb-annotations\2.9.8\jackson-module-jaxb-annotations-2.9.8.jar;C:\Users\ThinKPad\.m2\repository\org\codehaus\woodstox\stax2-api\3.1.4\stax2-api-3.1.4.jar;C:\Users\ThinKPad\.m2\repository\com\fasterxml\woodstox\woodstox-core\5.0.3\woodstox-core-5.0.3.jar;C:\Users\ThinKPad\.m2\repository\io\projectreactor\reactor-core\3.2.6.RELEASE\reactor-core-3.2.6.RELEASE.jar;C:\Users\ThinKPad\.m2\repository\org\reactivestreams\reactive-streams\1.0.2\reactive-streams-1.0.2.jar;C:\Users\ThinKPad\.m2\repository\io\netty\netty-tcnative-boringssl-static\2.0.20.Final\netty-tcnative-boringssl-static-2.0.20.Final.jar;C:\Users\ThinKPad\.m2\repository\com\microsoft\azure\msal4j\0.5.0-preview\msal4j-0.5.0-preview.jar;C:\Users\ThinKPad\.m2\repository\com\nimbusds\oauth2-oidc-sdk\6.14\oauth2-oidc-sdk-6.14.jar;C:\Users\ThinKPad\.m2\repository\com\github\stephenc\jcip\jcip-annotations\1.0-1\jcip-annotations-1.0-1.jar;C:\Users\ThinKPad\.m2\repository\com\nimbusds\lang-tag\1.5\lang-tag-1.5.jar;C:\Users\ThinKPad\.m2\repository\com\nimbusds\nimbus-jose-jwt\9.5\nimbus-jose-jwt-9.5.jar;C:\Users\ThinKPad\.m2\repository\org\nanohttpd\nanohttpd\2.3.1\nanohttpd-2.3.1.jar;C:\Users\ThinKPad\.m2\repository\net\java\dev\jna\jna-platform\4.5.2\jna-platform-4.5.2.jar;C:\Users\ThinKPad\.m2\repository\net\java\dev\jna\jna\4.5.2\jna-4.5.2.jar;C:\Users\ThinKPad\.m2\repository\org\assertj\assertj-core\3.11.1\assertj-core-3.11.1.jar;C:\Users\ThinKPad\.m2\repository\com\talenteo\mail-starter\1.0.7-SNAPSHOT\mail-starter-1.0.7-SNAPSHOT.jar;C:\Users\ThinKPad\.m2\repository\org\thymeleaf\thymeleaf-spring5\3.0.11.RELEASE\thymeleaf-spring5-3.0.11.RELEASE.jar;C:\Users\ThinKPad\.m2\repository\org\thymeleaf\thymeleaf\3.0.11.RELEASE\thymeleaf-3.0.11.RELEASE.jar;C:\Users\ThinKPad\.m2\repository\org\attoparser\attoparser\2.0.5.RELEASE\attoparser-2.0.5.RELEASE.jar;C:\Users\ThinKPad\.m2\repository\org\unbescape\unbescape\1.1.6.RELEASE\unbescape-1.1.6.RELEASE.jar;C:\Users\ThinKPad\.m2\repository\com\sendgrid\sendgrid-java\4.4.8\sendgrid-java-4.4.8.jar;C:\Users\ThinKPad\.m2\repository\com\sendgrid\java-http-client\4.3.6\java-http-client-4.3.6.jar;C:\Users\ThinKPad\.m2\repository\org\springframework\boot\spring-boot-starter-data-jpa\2.1.3.RELEASE\spring-boot-starter-data-jpa-2.1.3.RELEASE.jar;C:\Users\ThinKPad\.m2\repository\org\springframework\boot\spring-boot-starter-aop\2.1.3.RELEASE\spring-boot-starter-aop-2.1.3.RELEASE.jar;C:\Users\ThinKPad\.m2\repository\org\aspectj\aspectjweaver\1.9.2\aspectjweaver-1.9.2.jar;C:\Users\ThinKPad\.m2\repository\org\springframework\boot\spring-boot-starter-jdbc\2.1.3.RELEASE\spring-boot-starter-jdbc-2.1.3.RELEASE.jar;C:\Users\ThinKPad\.m2\repository\com\zaxxer\HikariCP\3.2.0\HikariCP-3.2.0.jar;C:\Users\ThinKPad\.m2\repository\org\springframework\spring-jdbc\5.1.5.RELEASE\spring-jdbc-5.1.5.RELEASE.jar;C:\Users\ThinKPad\.m2\repository\javax\transaction\javax.transaction-api\1.3\javax.transaction-api-1.3.jar;C:\Users\ThinKPad\.m2\repository\org\hibernate\hibernate-core\5.3.7.Final\hibernate-core-5.3.7.Final.jar;C:\Users\ThinKPad\.m2\repository\org\jboss\logging\jboss-logging\3.3.2.Final\jboss-logging-3.3.2.Final.jar;C:\Users\ThinKPad\.m2\repository\org\javassist\javassist\3.23.1-GA\javassist-3.23.1-GA.jar;C:\Users\ThinKPad\.m2\repository\net\bytebuddy\byte-buddy\1.9.10\byte-buddy-1.9.10.jar;C:\Users\ThinKPad\.m2\repository\antlr\antlr\2.7.7\antlr-2.7.7.jar;C:\Users\ThinKPad\.m2\repository\org\jboss\jandex\2.0.5.Final\jandex-2.0.5.Final.jar;C:\Users\ThinKPad\.m2\repository\com\fasterxml\classmate\1.4.0\classmate-1.4.0.jar;C:\Users\ThinKPad\.m2\repository\org\dom4j\dom4j\2.1.1\dom4j-2.1.1.jar;C:\Users\ThinKPad\.m2\repository\org\hibernate\common\hibernate-commons-annotations\5.0.4.Final\hibernate-commons-annotations-5.0.4.Final.jar;C:\Users\ThinKPad\.m2\repository\org\springframework\data\spring-data-jpa\2.1.5.RELEASE\spring-data-jpa-2.1.5.RELEASE.jar;C:\Users\ThinKPad\.m2\repository\org\springframework\data\spring-data-commons\2.1.5.RELEASE\spring-data-commons-2.1.5.RELEASE.jar;C:\Users\ThinKPad\.m2\repository\org\springframework\spring-orm\5.1.5.RELEASE\spring-orm-5.1.5.RELEASE.jar;C:\Users\ThinKPad\.m2\repository\org\springframework\spring-tx\5.1.5.RELEASE\spring-tx-5.1.5.RELEASE.jar;C:\Users\ThinKPad\.m2\repository\org\springframework\spring-aspects\5.1.5.RELEASE\spring-aspects-5.1.5.RELEASE.jar;C:\Users\ThinKPad\.m2\repository\org\liquibase\liquibase-core\3.6.3\liquibase-core-3.6.3.jar;C:\Users\ThinKPad\.m2\repository\org\yaml\snakeyaml\1.23\snakeyaml-1.23.jar;C:\Users\ThinKPad\.m2\repository\com\h2database\h2\1.4.197\h2-1.4.197.jar;C:\Users\ThinKPad\.m2\repository\org\postgresql\postgresql\42.2.5\postgresql-42.2.5.jar;C:\Users\ThinKPad\.m2\repository\javax\mail\javax.mail-api\1.6.2\javax.mail-api-1.6.2.jar;C:\Users\ThinKPad\.m2\repository\org\springframework\boot\spring-boot-starter-mail\2.1.3.RELEASE\spring-boot-starter-mail-2.1.3.RELEASE.jar;C:\Users\ThinKPad\.m2\repository\org\springframework\boot\spring-boot-starter\2.1.3.RELEASE\spring-boot-starter-2.1.3.RELEASE.jar;C:\Users\ThinKPad\.m2\repository\org\springframework\boot\spring-boot-autoconfigure\2.1.3.RELEASE\spring-boot-autoconfigure-2.1.3.RELEASE.jar;C:\Users\ThinKPad\.m2\repository\org\springframework\spring-context-support\5.1.5.RELEASE\spring-context-support-5.1.5.RELEASE.jar;C:\Users\ThinKPad\.m2\repository\com\sun\mail\javax.mail\1.6.2\javax.mail-1.6.2.jar;C:\Users\ThinKPad\.m2\repository\javax\activation\activation\1.1\activation-1.1.jar;C:\Users\ThinKPad\.m2\repository\javax\annotation\javax.annotation-api\1.3.2\javax.annotation-api-1.3.2.jar;C:\Users\ThinKPad\.m2\repository\javax\xml\bind\jaxb-api\2.4.0-b180725.0427\jaxb-api-2.4.0-b180725.0427.jar;C:\Users\ThinKPad\.m2\repository\javax\activation\javax.activation-api\1.2.0\javax.activation-api-1.2.0.jar;C:\Users\ThinKPad\.m2\repository\org\glassfish\jaxb\jaxb-runtime\2.4.0-b180725.0644\jaxb-runtime-2.4.0-b180725.0644.jar;C:\Users\ThinKPad\.m2\repository\org\glassfish\jaxb\txw2\2.4.0-b180725.0644\txw2-2.4.0-b180725.0644.jar;C:\Users\ThinKPad\.m2\repository\com\sun\istack\istack-commons-runtime\3.0.6\istack-commons-runtime-3.0.6.jar;C:\Users\ThinKPad\.m2\repository\org\jvnet\staxex\stax-ex\1.8\stax-ex-1.8.jar;C:\Users\ThinKPad\.m2\repository\com\sun\xml\fastinfoset\FastInfoset\1.2.14\FastInfoset-1.2.14.jar;C:\Users\ThinKPad\.m2\repository\ch\qos\logback\logback-classic\1.2.3\logback-classic-1.2.3.jar;C:\Users\ThinKPad\.m2\repository\ch\qos\logback\logback-core\1.2.3\logback-core-1.2.3.jar;C:\Users\ThinKPad\.m2\repository\org\slf4j\jcl-over-slf4j\1.7.25\jcl-over-slf4j-1.7.25.jar;C:\Users\ThinKPad\.m2\repository\org\slf4j\log4j-over-slf4j\1.7.25\log4j-over-slf4j-1.7.25.jar;C:\Users\ThinKPad\.m2\repository\org\slf4j\slf4j-api\1.7.25\slf4j-api-1.7.25.jar;C:\Users\ThinKPad\.m2\repository\com\google\guava\guava\28.0-jre\guava-28.0-jre.jar;C:\Users\ThinKPad\.m2\repository\com\google\guava\failureaccess\1.0.1\failureaccess-1.0.1.jar;C:\Users\ThinKPad\.m2\repository\com\google\guava\listenablefuture\9999.0-empty-to-avoid-conflict-with-guava\listenablefuture-9999.0-empty-to-avoid-conflict-with-guava.jar;C:\Users\ThinKPad\.m2\repository\com\google\code\findbugs\jsr305\3.0.2\jsr305-3.0.2.jar;C:\Users\ThinKPad\.m2\repository\org\checkerframework\checker-qual\2.8.1\checker-qual-2.8.1.jar;C:\Users\ThinKPad\.m2\repository\com\google\errorprone\error_prone_annotations\2.3.2\error_prone_annotations-2.3.2.jar;C:\Users\ThinKPad\.m2\repository\com\google\j2objc\j2objc-annotations\1.3\j2objc-annotations-1.3.jar;C:\Users\ThinKPad\.m2\repository\org\codehaus\mojo\animal-sniffer-annotations\1.17\animal-sniffer-annotations-1.17.jar;C:\Users\ThinKPad\.m2\repository\javax\inject\javax.inject\1\javax.inject-1.jar;C:\Users\ThinKPad\.m2\repository\org\projectlombok\lombok\1.18.6\lombok-1.18.6.jar;C:\Users\ThinKPad\.m2\repository\org\apache\commons\commons-lang3\3.8.1\commons-lang3-3.8.1.jar;C:\Users\ThinKPad\.m2\repository\org\apache\commons\commons-collections4\4.3\commons-collections4-4.3.jar;C:\Users\ThinKPad\.m2\repository\com\google\code\gson\gson\2.8.5\gson-2.8.5.jar;C:\Users\ThinKPad\.m2\repository\org\springframework\boot\spring-boot-starter-test\2.1.3.RELEASE\spring-boot-starter-test-2.1.3.RELEASE.jar;C:\Users\ThinKPad\.m2\repository\org\springframework\boot\spring-boot-test\2.1.3.RELEASE\spring-boot-test-2.1.3.RELEASE.jar;C:\Users\ThinKPad\.m2\repository\org\springframework\boot\spring-boot-test-autoconfigure\2.1.3.RELEASE\spring-boot-test-autoconfigure-2.1.3.RELEASE.jar;C:\Users\ThinKPad\.m2\repository\com\jayway\jsonpath\json-path\2.4.0\json-path-2.4.0.jar;C:\Users\ThinKPad\.m2\repository\net\minidev\json-smart\2.3\json-smart-2.3.jar;C:\Users\ThinKPad\.m2\repository\net\minidev\accessors-smart\1.2\accessors-smart-1.2.jar;C:\Users\ThinKPad\.m2\repository\org\ow2\asm\asm\5.0.4\asm-5.0.4.jar;C:\Users\ThinKPad\.m2\repository\org\mockito\mockito-core\2.23.4\mockito-core-2.23.4.jar;C:\Users\ThinKPad\.m2\repository\net\bytebuddy\byte-buddy-agent\1.9.10\byte-buddy-agent-1.9.10.jar;C:\Users\ThinKPad\.m2\repository\org\objenesis\objenesis\2.6\objenesis-2.6.jar;C:\Users\ThinKPad\.m2\repository\org\hamcrest\hamcrest-core\1.3\hamcrest-core-1.3.jar;C:\Users\ThinKPad\.m2\repository\org\hamcrest\hamcrest-library\1.3\hamcrest-library-1.3.jar;C:\Users\ThinKPad\.m2\repository\org\skyscreamer\jsonassert\1.5.0\jsonassert-1.5.0.jar;C:\Users\ThinKPad\.m2\repository\com\vaadin\external\google\android-json\0.0.20131108.vaadin1\android-json-0.0.20131108.vaadin1.jar;C:\Users\ThinKPad\.m2\repository\org\springframework\spring-core\5.1.5.RELEASE\spring-core-5.1.5.RELEASE.jar;C:\Users\ThinKPad\.m2\repository\org\springframework\spring-jcl\5.1.5.RELEASE\spring-jcl-5.1.5.RELEASE.jar;C:\Users\ThinKPad\.m2\repository\org\springframework\spring-test\5.1.5.RELEASE\spring-test-5.1.5.RELEASE.jar;C:\Users\ThinKPad\.m2\repository\org\xmlunit\xmlunit-core\2.6.2\xmlunit-core-2.6.2.jar;C:\Users\ThinKPad\.m2\repository\org\junit\jupiter\junit-jupiter-engine\5.3.2\junit-jupiter-engine-5.3.2.jar;C:\Users\ThinKPad\.m2\repository\org\apiguardian\apiguardian-api\1.0.0\apiguardian-api-1.0.0.jar;C:\Users\ThinKPad\.m2\repository\org\junit\platform\junit-platform-engine\1.3.2\junit-platform-engine-1.3.2.jar;C:\Users\ThinKPad\.m2\repository\org\junit\platform\junit-platform-commons\1.3.2\junit-platform-commons-1.3.2.jar;C:\Users\ThinKPad\.m2\repository\org\opentest4j\opentest4j\1.1.1\opentest4j-1.1.1.jar;C:\Users\ThinKPad\.m2\repository\org\junit\jupiter\junit-jupiter-api\5.3.2\junit-jupiter-api-5.3.2.jar;C:\Users\ThinKPad\.m2\repository\org\springframework\security\spring-security-test\5.1.4.RELEASE\spring-security-test-5.1.4.RELEASE.jar;C:\Users\ThinKPad\.m2\repository\org\springframework\security\spring-security-web\5.1.4.RELEASE\spring-security-web-5.1.4.RELEASE.jar;C:\Users\ThinKPad\.m2\repository\com\easyms\easyms-basic-starter\1.0.4-SNAPSHOT\easyms-basic-starter-1.0.4-SNAPSHOT.jar;C:\Users\ThinKPad\.m2\repository\org\springframework\boot\spring-boot\2.1.3.RELEASE\spring-boot-2.1.3.RELEASE.jar;"/>
    <property name="java.vm.vendor" value="Oracle Corporation"/>
    <property name="sun.arch.data.model" value="64"/>
    <property name="user.variant" value=""/>
    <property name="java.vendor.url" value="https://openjdk.java.net/"/>
    <property name="user.timezone" value="Europe/Paris"/>
    <property name="java.vm.specification.version" value="11"/>
    <property name="os.name" value="Windows 10"/>
    <property name="sun.java.launcher" value="SUN_STANDARD"/>
    <property name="user.country" value="FR"/>
    <property name="sun.boot.library.path" value="C:\Program Files\Java\jdk-11.0.10\bin"/>
    <property name="sun.java.command" value="C:\Users\ThinKPad\AppData\Local\Temp\surefire184522031958082284\surefirebooter11367349427977591977.jar C:\Users\ThinKPad\AppData\Local\Temp\surefire184522031958082284 2021-02-09T10-30-09_597-jvmRun1 surefire14607506815826327191tmp surefire_015745076190328938354tmp"/>
    <property name="jdk.debug" value="release"/>
    <property name="surefire.test.class.path" value="C:\Users\ThinKPad\training\hr-ms\target\test-classes;C:\Users\ThinKPad\training\hr-ms\target\classes;C:\Users\ThinKPad\.m2\repository\com\easyms\easyms-azure-keyvault-starter\1.0.4-SNAPSHOT\easyms-azure-keyvault-starter-1.0.4-SNAPSHOT.jar;C:\Users\ThinKPad\.m2\repository\com\microsoft\azure\azure-keyvault-secrets-spring-boot-starter\2.2.3\azure-keyvault-secrets-spring-boot-starter-2.2.3.jar;C:\Users\ThinKPad\.m2\repository\org\springframework\boot\spring-boot-starter-validation\2.1.3.RELEASE\spring-boot-starter-validation-2.1.3.RELEASE.jar;C:\Users\ThinKPad\.m2\repository\org\apache\tomcat\embed\tomcat-embed-el\9.0.16\tomcat-embed-el-9.0.16.jar;C:\Users\ThinKPad\.m2\repository\com\microsoft\azure\azure-spring-boot\2.2.3\azure-spring-boot-2.2.3.jar;C:\Users\ThinKPad\.m2\repository\com\azure\azure-security-keyvault-secrets\4.1.0\azure-security-keyvault-secrets-4.1.0.jar;C:\Users\ThinKPad\.m2\repository\com\azure\azure-core-http-netty\1.2.0\azure-core-http-netty-1.2.0.jar;C:\Users\ThinKPad\.m2\repository\io\netty\netty-handler\4.1.33.Final\netty-handler-4.1.33.Final.jar;C:\Users\ThinKPad\.m2\repository\io\netty\netty-common\4.1.33.Final\netty-common-4.1.33.Final.jar;C:\Users\ThinKPad\.m2\repository\io\netty\netty-transport\4.1.33.Final\netty-transport-4.1.33.Final.jar;C:\Users\ThinKPad\.m2\repository\io\netty\netty-resolver\4.1.33.Final\netty-resolver-4.1.33.Final.jar;C:\Users\ThinKPad\.m2\repository\io\netty\netty-codec\4.1.33.Final\netty-codec-4.1.33.Final.jar;C:\Users\ThinKPad\.m2\repository\io\netty\netty-handler-proxy\4.1.33.Final\netty-handler-proxy-4.1.33.Final.jar;C:\Users\ThinKPad\.m2\repository\io\netty\netty-codec-socks\4.1.33.Final\netty-codec-socks-4.1.33.Final.jar;C:\Users\ThinKPad\.m2\repository\io\netty\netty-buffer\4.1.33.Final\netty-buffer-4.1.33.Final.jar;C:\Users\ThinKPad\.m2\repository\io\netty\netty-codec-http\4.1.33.Final\netty-codec-http-4.1.33.Final.jar;C:\Users\ThinKPad\.m2\repository\io\netty\netty-codec-http2\4.1.33.Final\netty-codec-http2-4.1.33.Final.jar;C:\Users\ThinKPad\.m2\repository\io\netty\netty-transport-native-unix-common\4.1.33.Final\netty-transport-native-unix-common-4.1.33.Final.jar;C:\Users\ThinKPad\.m2\repository\io\netty\netty-transport-native-epoll\4.1.33.Final\netty-transport-native-epoll-4.1.33.Final-linux-x86_64.jar;C:\Users\ThinKPad\.m2\repository\io\projectreactor\netty\reactor-netty\0.8.5.RELEASE\reactor-netty-0.8.5.RELEASE.jar;C:\Users\ThinKPad\.m2\repository\com\microsoft\azure\azure-client-authentication\1.6.13\azure-client-authentication-1.6.13.jar;C:\Users\ThinKPad\.m2\repository\com\microsoft\azure\azure-client-runtime\1.6.13\azure-client-runtime-1.6.13.jar;C:\Users\ThinKPad\.m2\repository\com\microsoft\rest\client-runtime\1.6.13\client-runtime-1.6.13.jar;C:\Users\ThinKPad\.m2\repository\com\squareup\retrofit2\retrofit\2.5.0\retrofit-2.5.0.jar;C:\Users\ThinKPad\.m2\repository\com\squareup\okhttp3\okhttp\3.8.1\okhttp-3.8.1.jar;C:\Users\ThinKPad\.m2\repository\com\squareup\okio\okio\1.13.0\okio-1.13.0.jar;C:\Users\ThinKPad\.m2\repository\com\squareup\okhttp3\logging-interceptor\3.8.1\logging-interceptor-3.8.1.jar;C:\Users\ThinKPad\.m2\repository\com\squareup\okhttp3\okhttp-urlconnection\3.12.2\okhttp-urlconnection-3.12.2.jar;C:\Users\ThinKPad\.m2\repository\com\squareup\retrofit2\converter-jackson\2.5.0\converter-jackson-2.5.0.jar;C:\Users\ThinKPad\.m2\repository\io\reactivex\rxjava\1.3.8\rxjava-1.3.8.jar;C:\Users\ThinKPad\.m2\repository\com\squareup\retrofit2\adapter-rxjava\2.4.0\adapter-rxjava-2.4.0.jar;C:\Users\ThinKPad\.m2\repository\com\microsoft\azure\adal4j\1.6.4\adal4j-1.6.4.jar;C:\Users\ThinKPad\.m2\repository\com\microsoft\azure\azure-annotations\1.7.0\azure-annotations-1.7.0.jar;C:\Users\ThinKPad\.m2\repository\commons-io\commons-io\2.3\commons-io-2.3.jar;C:\Users\ThinKPad\.m2\repository\com\easyms\easyms-secured-rest-starter\1.0.4-SNAPSHOT\easyms-secured-rest-starter-1.0.4-SNAPSHOT.jar;C:\Users\ThinKPad\.m2\repository\com\easyms\easyms-rest-starter\1.0.4-SNAPSHOT\easyms-rest-starter-1.0.4-SNAPSHOT.jar;C:\Users\ThinKPad\.m2\repository\org\springframework\spring-context\5.1.5.RELEASE\spring-context-5.1.5.RELEASE.jar;C:\Users\ThinKPad\.m2\repository\org\springframework\boot\spring-boot-starter-hateoas\2.1.3.RELEASE\spring-boot-starter-hateoas-2.1.3.RELEASE.jar;C:\Users\ThinKPad\.m2\repository\org\springframework\hateoas\spring-hateoas\0.25.1.RELEASE\spring-hateoas-0.25.1.RELEASE.jar;C:\Users\ThinKPad\.m2\repository\org\springframework\plugin\spring-plugin-core\1.2.0.RELEASE\spring-plugin-core-1.2.0.RELEASE.jar;C:\Users\ThinKPad\.m2\repository\org\springframework\boot\spring-boot-starter-actuator\2.1.3.RELEASE\spring-boot-starter-actuator-2.1.3.RELEASE.jar;C:\Users\ThinKPad\.m2\repository\org\springframework\boot\spring-boot-actuator-autoconfigure\2.1.3.RELEASE\spring-boot-actuator-autoconfigure-2.1.3.RELEASE.jar;C:\Users\ThinKPad\.m2\repository\io\micrometer\micrometer-core\1.1.3\micrometer-core-1.1.3.jar;C:\Users\ThinKPad\.m2\repository\org\hdrhistogram\HdrHistogram\2.1.9\HdrHistogram-2.1.9.jar;C:\Users\ThinKPad\.m2\repository\org\latencyutils\LatencyUtils\2.0.3\LatencyUtils-2.0.3.jar;C:\Users\ThinKPad\.m2\repository\org\springframework\boot\spring-boot-actuator\2.1.3.RELEASE\spring-boot-actuator-2.1.3.RELEASE.jar;C:\Users\ThinKPad\.m2\repository\org\springframework\cloud\spring-cloud-starter-config\2.1.1.RELEASE\spring-cloud-starter-config-2.1.1.RELEASE.jar;C:\Users\ThinKPad\.m2\repository\org\springframework\cloud\spring-cloud-starter\2.1.1.RELEASE\spring-cloud-starter-2.1.1.RELEASE.jar;C:\Users\ThinKPad\.m2\repository\org\springframework\cloud\spring-cloud-context\2.1.1.RELEASE\spring-cloud-context-2.1.1.RELEASE.jar;C:\Users\ThinKPad\.m2\repository\org\springframework\security\spring-security-rsa\1.0.7.RELEASE\spring-security-rsa-1.0.7.RELEASE.jar;C:\Users\ThinKPad\.m2\repository\org\springframework\cloud\spring-cloud-config-client\2.1.1.RELEASE\spring-cloud-config-client-2.1.1.RELEASE.jar;C:\Users\ThinKPad\.m2\repository\io\micrometer\micrometer-registry-jmx\1.1.3\micrometer-registry-jmx-1.1.3.jar;C:\Users\ThinKPad\.m2\repository\io\dropwizard\metrics\metrics-jmx\4.0.5\metrics-jmx-4.0.5.jar;C:\Users\ThinKPad\.m2\repository\io\dropwizard\metrics\metrics-core\4.0.5\metrics-core-4.0.5.jar;C:\Users\ThinKPad\.m2\repository\org\springframework\boot\spring-boot-starter-cache\2.1.3.RELEASE\spring-boot-starter-cache-2.1.3.RELEASE.jar;C:\Users\ThinKPad\.m2\repository\org\springframework\cloud\spring-cloud-starter-zipkin\2.1.1.RELEASE\spring-cloud-starter-zipkin-2.1.1.RELEASE.jar;C:\Users\ThinKPad\.m2\repository\org\springframework\cloud\spring-cloud-starter-sleuth\2.1.1.RELEASE\spring-cloud-starter-sleuth-2.1.1.RELEASE.jar;C:\Users\ThinKPad\.m2\repository\org\springframework\cloud\spring-cloud-sleuth-core\2.1.1.RELEASE\spring-cloud-sleuth-core-2.1.1.RELEASE.jar;C:\Users\ThinKPad\.m2\repository\org\aspectj\aspectjrt\1.9.2\aspectjrt-1.9.2.jar;C:\Users\ThinKPad\.m2\repository\io\zipkin\brave\brave\5.6.1\brave-5.6.1.jar;C:\Users\ThinKPad\.m2\repository\io\zipkin\brave\brave-context-log4j2\5.6.1\brave-context-log4j2-5.6.1.jar;C:\Users\ThinKPad\.m2\repository\io\zipkin\brave\brave-instrumentation-spring-web\5.6.1\brave-instrumentation-spring-web-5.6.1.jar;C:\Users\ThinKPad\.m2\repository\io\zipkin\brave\brave-instrumentation-http\5.6.1\brave-instrumentation-http-5.6.1.jar;C:\Users\ThinKPad\.m2\repository\io\zipkin\brave\brave-instrumentation-spring-rabbit\5.6.1\brave-instrumentation-spring-rabbit-5.6.1.jar;C:\Users\ThinKPad\.m2\repository\io\zipkin\brave\brave-instrumentation-kafka-clients\5.6.1\brave-instrumentation-kafka-clients-5.6.1.jar;C:\Users\ThinKPad\.m2\repository\io\zipkin\brave\brave-instrumentation-httpclient\5.6.1\brave-instrumentation-httpclient-5.6.1.jar;C:\Users\ThinKPad\.m2\repository\io\zipkin\brave\brave-instrumentation-httpasyncclient\5.6.1\brave-instrumentation-httpasyncclient-5.6.1.jar;C:\Users\ThinKPad\.m2\repository\io\zipkin\brave\brave-instrumentation-spring-webmvc\5.6.1\brave-instrumentation-spring-webmvc-5.6.1.jar;C:\Users\ThinKPad\.m2\repository\io\zipkin\brave\brave-instrumentation-servlet\5.6.1\brave-instrumentation-servlet-5.6.1.jar;C:\Users\ThinKPad\.m2\repository\io\zipkin\brave\brave-instrumentation-jms\5.6.1\brave-instrumentation-jms-5.6.1.jar;C:\Users\ThinKPad\.m2\repository\org\springframework\cloud\spring-cloud-sleuth-zipkin\2.1.1.RELEASE\spring-cloud-sleuth-zipkin-2.1.1.RELEASE.jar;C:\Users\ThinKPad\.m2\repository\io\zipkin\zipkin2\zipkin\2.12.0\zipkin-2.12.0.jar;C:\Users\ThinKPad\.m2\repository\io\zipkin\reporter2\zipkin-reporter\2.7.14\zipkin-reporter-2.7.14.jar;C:\Users\ThinKPad\.m2\repository\io\zipkin\reporter2\zipkin-sender-kafka11\2.7.14\zipkin-sender-kafka11-2.7.14.jar;C:\Users\ThinKPad\.m2\repository\io\zipkin\reporter2\zipkin-sender-amqp-client\2.7.14\zipkin-sender-amqp-client-2.7.14.jar;C:\Users\ThinKPad\.m2\repository\org\springframework\cloud\spring-cloud-starter-openfeign\2.1.1.RELEASE\spring-cloud-starter-openfeign-2.1.1.RELEASE.jar;C:\Users\ThinKPad\.m2\repository\org\springframework\cloud\spring-cloud-openfeign-core\2.1.1.RELEASE\spring-cloud-openfeign-core-2.1.1.RELEASE.jar;C:\Users\ThinKPad\.m2\repository\org\springframework\cloud\spring-cloud-netflix-ribbon\2.1.1.RELEASE\spring-cloud-netflix-ribbon-2.1.1.RELEASE.jar;C:\Users\ThinKPad\.m2\repository\org\springframework\cloud\spring-cloud-netflix-archaius\2.1.1.RELEASE\spring-cloud-netflix-archaius-2.1.1.RELEASE.jar;C:\Users\ThinKPad\.m2\repository\io\github\openfeign\form\feign-form-spring\3.5.0\feign-form-spring-3.5.0.jar;C:\Users\ThinKPad\.m2\repository\io\github\openfeign\form\feign-form\3.5.0\feign-form-3.5.0.jar;C:\Users\ThinKPad\.m2\repository\commons-fileupload\commons-fileupload\1.3.3\commons-fileupload-1.3.3.jar;C:\Users\ThinKPad\.m2\repository\org\springframework\cloud\spring-cloud-commons\2.1.1.RELEASE\spring-cloud-commons-2.1.1.RELEASE.jar;C:\Users\ThinKPad\.m2\repository\org\springframework\security\spring-security-crypto\5.1.4.RELEASE\spring-security-crypto-5.1.4.RELEASE.jar;C:\Users\ThinKPad\.m2\repository\io\github\openfeign\feign-core\10.1.0\feign-core-10.1.0.jar;C:\Users\ThinKPad\.m2\repository\io\github\openfeign\feign-slf4j\10.1.0\feign-slf4j-10.1.0.jar;C:\Users\ThinKPad\.m2\repository\io\github\openfeign\feign-hystrix\10.1.0\feign-hystrix-10.1.0.jar;C:\Users\ThinKPad\.m2\repository\com\netflix\archaius\archaius-core\0.7.6\archaius-core-0.7.6.jar;C:\Users\ThinKPad\.m2\repository\commons-configuration\commons-configuration\1.8\commons-configuration-1.8.jar;C:\Users\ThinKPad\.m2\repository\commons-lang\commons-lang\2.6\commons-lang-2.6.jar;C:\Users\ThinKPad\.m2\repository\com\netflix\hystrix\hystrix-core\1.5.18\hystrix-core-1.5.18.jar;C:\Users\ThinKPad\.m2\repository\com\fasterxml\jackson\core\jackson-core\2.9.8\jackson-core-2.9.8.jar;C:\Users\ThinKPad\.m2\repository\com\fasterxml\jackson\core\jackson-databind\2.9.8\jackson-databind-2.9.8.jar;C:\Users\ThinKPad\.m2\repository\com\fasterxml\jackson\datatype\jackson-datatype-joda\2.9.8\jackson-datatype-joda-2.9.8.jar;C:\Users\ThinKPad\.m2\repository\joda-time\joda-time\2.10.1\joda-time-2.10.1.jar;C:\Users\ThinKPad\.m2\repository\com\fasterxml\jackson\datatype\jackson-datatype-jsr310\2.9.8\jackson-datatype-jsr310-2.9.8.jar;C:\Users\ThinKPad\.m2\repository\de\codecentric\spring-boot-admin-starter-client\2.1.5\spring-boot-admin-starter-client-2.1.5.jar;C:\Users\ThinKPad\.m2\repository\de\codecentric\spring-boot-admin-client\2.1.5\spring-boot-admin-client-2.1.5.jar;C:\Users\ThinKPad\.m2\repository\org\jolokia\jolokia-core\1.6.0\jolokia-core-1.6.0.jar;C:\Users\ThinKPad\.m2\repository\com\googlecode\json-simple\json-simple\1.1.1\json-simple-1.1.1.jar;C:\Users\ThinKPad\.m2\repository\io\springfox\springfox-swagger-ui\2.9.2\springfox-swagger-ui-2.9.2.jar;C:\Users\ThinKPad\.m2\repository\io\springfox\springfox-spring-web\2.9.2\springfox-spring-web-2.9.2.jar;C:\Users\ThinKPad\.m2\repository\io\springfox\springfox-swagger2\2.9.2\springfox-swagger2-2.9.2.jar;C:\Users\ThinKPad\.m2\repository\io\swagger\swagger-annotations\1.5.20\swagger-annotations-1.5.20.jar;C:\Users\ThinKPad\.m2\repository\io\swagger\swagger-models\1.5.20\swagger-models-1.5.20.jar;C:\Users\ThinKPad\.m2\repository\io\springfox\springfox-spi\2.9.2\springfox-spi-2.9.2.jar;C:\Users\ThinKPad\.m2\repository\io\springfox\springfox-core\2.9.2\springfox-core-2.9.2.jar;C:\Users\ThinKPad\.m2\repository\io\springfox\springfox-schema\2.9.2\springfox-schema-2.9.2.jar;C:\Users\ThinKPad\.m2\repository\io\springfox\springfox-swagger-common\2.9.2\springfox-swagger-common-2.9.2.jar;C:\Users\ThinKPad\.m2\repository\org\springframework\plugin\spring-plugin-metadata\1.2.0.RELEASE\spring-plugin-metadata-1.2.0.RELEASE.jar;C:\Users\ThinKPad\.m2\repository\org\mapstruct\mapstruct\1.2.0.Final\mapstruct-1.2.0.Final.jar;C:\Users\ThinKPad\.m2\repository\org\apache\httpcomponents\httpclient\4.5.7\httpclient-4.5.7.jar;C:\Users\ThinKPad\.m2\repository\org\apache\httpcomponents\httpcore\4.4.11\httpcore-4.4.11.jar;C:\Users\ThinKPad\.m2\repository\org\apache\httpcomponents\httpclient-cache\4.5.7\httpclient-cache-4.5.7.jar;C:\Users\ThinKPad\.m2\repository\commons-logging\commons-logging\1.2\commons-logging-1.2.jar;C:\Users\ThinKPad\.m2\repository\ch\qos\logback\logback-access\1.2.3\logback-access-1.2.3.jar;C:\Users\ThinKPad\.m2\repository\net\logstash\logback\logstash-logback-encoder\6.0\logstash-logback-encoder-6.0.jar;C:\Users\ThinKPad\.m2\repository\org\springframework\security\oauth\spring-security-oauth2\2.3.6.RELEASE\spring-security-oauth2-2.3.6.RELEASE.jar;C:\Users\ThinKPad\.m2\repository\org\springframework\spring-beans\5.1.5.RELEASE\spring-beans-5.1.5.RELEASE.jar;C:\Users\ThinKPad\.m2\repository\org\springframework\spring-webmvc\5.1.5.RELEASE\spring-webmvc-5.1.5.RELEASE.jar;C:\Users\ThinKPad\.m2\repository\org\springframework\security\spring-security-config\5.1.4.RELEASE\spring-security-config-5.1.4.RELEASE.jar;C:\Users\ThinKPad\.m2\repository\commons-codec\commons-codec\1.11\commons-codec-1.11.jar;C:\Users\ThinKPad\.m2\repository\org\codehaus\jackson\jackson-mapper-asl\1.9.13\jackson-mapper-asl-1.9.13.jar;C:\Users\ThinKPad\.m2\repository\org\codehaus\jackson\jackson-core-asl\1.9.13\jackson-core-asl-1.9.13.jar;C:\Users\ThinKPad\.m2\repository\org\springframework\cloud\spring-cloud-starter-oauth2\2.1.2.RELEASE\spring-cloud-starter-oauth2-2.1.2.RELEASE.jar;C:\Users\ThinKPad\.m2\repository\org\springframework\cloud\spring-cloud-starter-security\2.1.2.RELEASE\spring-cloud-starter-security-2.1.2.RELEASE.jar;C:\Users\ThinKPad\.m2\repository\org\springframework\cloud\spring-cloud-security\2.1.2.RELEASE\spring-cloud-security-2.1.2.RELEASE.jar;C:\Users\ThinKPad\.m2\repository\org\springframework\boot\spring-boot-starter-security\2.1.3.RELEASE\spring-boot-starter-security-2.1.3.RELEASE.jar;C:\Users\ThinKPad\.m2\repository\org\springframework\security\oauth\boot\spring-security-oauth2-autoconfigure\2.1.2.RELEASE\spring-security-oauth2-autoconfigure-2.1.2.RELEASE.jar;C:\Users\ThinKPad\.m2\repository\com\sun\xml\bind\jaxb-core\2.3.0.1\jaxb-core-2.3.0.1.jar;C:\Users\ThinKPad\.m2\repository\com\sun\xml\bind\jaxb-impl\2.3.0.1\jaxb-impl-2.3.0.1.jar;C:\Users\ThinKPad\.m2\repository\org\springframework\security\spring-security-jwt\1.0.9.RELEASE\spring-security-jwt-1.0.9.RELEASE.jar;C:\Users\ThinKPad\.m2\repository\org\bouncycastle\bcpkix-jdk15on\1.56\bcpkix-jdk15on-1.56.jar;C:\Users\ThinKPad\.m2\repository\org\bouncycastle\bcprov-jdk15on\1.56\bcprov-jdk15on-1.56.jar;C:\Users\ThinKPad\.m2\repository\com\talenteo\hr-domain\1.0.11-SNAPSHOT\hr-domain-1.0.11-SNAPSHOT.jar;C:\Users\ThinKPad\.m2\repository\com\talenteo\career-domain\1.0.11-SNAPSHOT\career-domain-1.0.11-SNAPSHOT.jar;C:\Users\ThinKPad\.m2\repository\javax\persistence\javax.persistence-api\2.2\javax.persistence-api-2.2.jar;C:\Users\ThinKPad\.m2\repository\com\talenteo\td-domain\1.0.11-SNAPSHOT\td-domain-1.0.11-SNAPSHOT.jar;C:\Users\ThinKPad\.m2\repository\com\fasterxml\jackson\core\jackson-annotations\2.9.0\jackson-annotations-2.9.0.jar;C:\Users\ThinKPad\.m2\repository\com\talenteo\notification-domain\1.0.11-SNAPSHOT\notification-domain-1.0.11-SNAPSHOT.jar;C:\Users\ThinKPad\.m2\repository\com\easyms\easyms-test\1.0.4-SNAPSHOT\easyms-test-1.0.4-SNAPSHOT.jar;C:\Users\ThinKPad\.m2\repository\org\springframework\boot\spring-boot-starter-web\2.1.3.RELEASE\spring-boot-starter-web-2.1.3.RELEASE.jar;C:\Users\ThinKPad\.m2\repository\org\springframework\boot\spring-boot-starter-json\2.1.3.RELEASE\spring-boot-starter-json-2.1.3.RELEASE.jar;C:\Users\ThinKPad\.m2\repository\com\fasterxml\jackson\datatype\jackson-datatype-jdk8\2.9.8\jackson-datatype-jdk8-2.9.8.jar;C:\Users\ThinKPad\.m2\repository\com\fasterxml\jackson\module\jackson-module-parameter-names\2.9.8\jackson-module-parameter-names-2.9.8.jar;C:\Users\ThinKPad\.m2\repository\org\springframework\boot\spring-boot-starter-tomcat\2.1.3.RELEASE\spring-boot-starter-tomcat-2.1.3.RELEASE.jar;C:\Users\ThinKPad\.m2\repository\org\apache\tomcat\embed\tomcat-embed-core\9.0.16\tomcat-embed-core-9.0.16.jar;C:\Users\ThinKPad\.m2\repository\org\apache\tomcat\embed\tomcat-embed-websocket\9.0.16\tomcat-embed-websocket-9.0.16.jar;C:\Users\ThinKPad\.m2\repository\org\hibernate\validator\hibernate-validator\6.0.14.Final\hibernate-validator-6.0.14.Final.jar;C:\Users\ThinKPad\.m2\repository\javax\validation\validation-api\2.0.1.Final\validation-api-2.0.1.Final.jar;C:\Users\ThinKPad\.m2\repository\org\springframework\spring-web\5.1.5.RELEASE\spring-web-5.1.5.RELEASE.jar;C:\Users\ThinKPad\.m2\repository\com\talenteo\talenteo-common\1.0.7-SNAPSHOT\talenteo-common-1.0.7-SNAPSHOT.jar;C:\Users\ThinKPad\.m2\repository\org\springframework\security\spring-security-core\5.1.4.RELEASE\spring-security-core-5.1.4.RELEASE.jar;C:\Users\ThinKPad\.m2\repository\org\springframework\spring-aop\5.1.5.RELEASE\spring-aop-5.1.5.RELEASE.jar;C:\Users\ThinKPad\.m2\repository\org\springframework\spring-expression\5.1.5.RELEASE\spring-expression-5.1.5.RELEASE.jar;C:\Users\ThinKPad\.m2\repository\com\microsoft\azure\spring-starter-azure-storage\1.2.7\spring-starter-azure-storage-1.2.7.jar;C:\Users\ThinKPad\.m2\repository\com\microsoft\azure\spring-cloud-azure-autoconfigure\1.2.7\spring-cloud-azure-autoconfigure-1.2.7.jar;C:\Users\ThinKPad\.m2\repository\com\microsoft\azure\spring-cloud-azure-context\1.2.7\spring-cloud-azure-context-1.2.7.jar;C:\Users\ThinKPad\.m2\repository\com\microsoft\azure\azure\1.33.0\azure-1.33.0.jar;C:\Users\ThinKPad\.m2\repository\com\microsoft\azure\azure-mgmt-resources\1.33.0\azure-mgmt-resources-1.33.0.jar;C:\Users\ThinKPad\.m2\repository\com\microsoft\azure\azure-mgmt-storage\1.33.0\azure-mgmt-storage-1.33.0.jar;C:\Users\ThinKPad\.m2\repository\com\microsoft\azure\azure-mgmt-network\1.33.0\azure-mgmt-network-1.33.0.jar;C:\Users\ThinKPad\.m2\repository\com\microsoft\azure\azure-mgmt-compute\1.33.0\azure-mgmt-compute-1.33.0.jar;C:\Users\ThinKPad\.m2\repository\com\microsoft\azure\azure-mgmt-graph-rbac\1.33.0\azure-mgmt-graph-rbac-1.33.0.jar;C:\Users\ThinKPad\.m2\repository\com\microsoft\azure\azure-mgmt-keyvault\1.33.0\azure-mgmt-keyvault-1.33.0.jar;C:\Users\ThinKPad\.m2\repository\com\microsoft\azure\azure-keyvault\1.0.0\azure-keyvault-1.0.0.jar;C:\Users\ThinKPad\.m2\repository\com\microsoft\azure\azure-keyvault-webkey\1.0.0\azure-keyvault-webkey-1.0.0.jar;C:\Users\ThinKPad\.m2\repository\com\microsoft\azure\azure-mgmt-batch\1.33.0\azure-mgmt-batch-1.33.0.jar;C:\Users\ThinKPad\.m2\repository\com\microsoft\azure\azure-mgmt-trafficmanager\1.33.0\azure-mgmt-trafficmanager-1.33.0.jar;C:\Users\ThinKPad\.m2\repository\com\microsoft\azure\azure-mgmt-dns\1.33.0\azure-mgmt-dns-1.33.0.jar;C:\Users\ThinKPad\.m2\repository\com\microsoft\azure\azure-mgmt-redis\1.33.0\azure-mgmt-redis-1.33.0.jar;C:\Users\ThinKPad\.m2\repository\com\microsoft\azure\azure-mgmt-appservice\1.33.0\azure-mgmt-appservice-1.33.0.jar;C:\Users\ThinKPad\.m2\repository\com\microsoft\azure\azure-storage\6.1.0\azure-storage-6.1.0.jar;C:\Users\ThinKPad\.m2\repository\com\microsoft\azure\azure-keyvault-core\0.8.0\azure-keyvault-core-0.8.0.jar;C:\Users\ThinKPad\.m2\repository\com\microsoft\azure\azure-mgmt-locks\1.33.0\azure-mgmt-locks-1.33.0.jar;C:\Users\ThinKPad\.m2\repository\com\microsoft\azure\azure-mgmt-eventhub\1.33.0\azure-mgmt-eventhub-1.33.0.jar;C:\Users\ThinKPad\.m2\repository\com\microsoft\azure\azure-mgmt-cdn\1.33.0\azure-mgmt-cdn-1.33.0.jar;C:\Users\ThinKPad\.m2\repository\com\microsoft\azure\azure-mgmt-sql\1.33.0\azure-mgmt-sql-1.33.0.jar;C:\Users\ThinKPad\.m2\repository\com\microsoft\azure\azure-mgmt-containerinstance\1.33.0\azure-mgmt-containerinstance-1.33.0.jar;C:\Users\ThinKPad\.m2\repository\com\microsoft\azure\azure-mgmt-containerregistry\1.33.0\azure-mgmt-containerregistry-1.33.0.jar;C:\Users\ThinKPad\.m2\repository\com\microsoft\azure\azure-mgmt-containerservice\1.33.0\azure-mgmt-containerservice-1.33.0.jar;C:\Users\ThinKPad\.m2\repository\com\microsoft\azure\azure-mgmt-cosmosdb\1.33.0\azure-mgmt-cosmosdb-1.33.0.jar;C:\Users\ThinKPad\.m2\repository\com\microsoft\azure\azure-mgmt-search\1.33.0\azure-mgmt-search-1.33.0.jar;C:\Users\ThinKPad\.m2\repository\com\microsoft\azure\azure-mgmt-msi\1.33.0\azure-mgmt-msi-1.33.0.jar;C:\Users\ThinKPad\.m2\repository\com\microsoft\azure\azure-mgmt-monitor\1.33.0\azure-mgmt-monitor-1.33.0.jar;C:\Users\ThinKPad\.m2\repository\com\microsoft\azure\azure-mgmt-servicebus\1.33.0\azure-mgmt-servicebus-1.33.0.jar;C:\Users\ThinKPad\.m2\repository\com\microsoft\azure\azure-mgmt-batchai\1.33.0\azure-mgmt-batchai-1.33.0.jar;C:\Users\ThinKPad\.m2\repository\com\microsoft\azure\spring-cloud-azure-storage\1.2.7\spring-cloud-azure-storage-1.2.7.jar;C:\Users\ThinKPad\.m2\repository\com\azure\azure-storage-blob\12.5.0\azure-storage-blob-12.5.0.jar;C:\Users\ThinKPad\.m2\repository\com\azure\azure-storage-common\12.5.0\azure-storage-common-12.5.0.jar;C:\Users\ThinKPad\.m2\repository\com\azure\azure-storage-file-share\12.3.0\azure-storage-file-share-12.3.0.jar;C:\Users\ThinKPad\.m2\repository\org\springframework\boot\spring-boot-starter-logging\2.1.3.RELEASE\spring-boot-starter-logging-2.1.3.RELEASE.jar;C:\Users\ThinKPad\.m2\repository\org\apache\logging\log4j\log4j-to-slf4j\2.11.2\log4j-to-slf4j-2.11.2.jar;C:\Users\ThinKPad\.m2\repository\org\apache\logging\log4j\log4j-api\2.11.2\log4j-api-2.11.2.jar;C:\Users\ThinKPad\.m2\repository\org\slf4j\jul-to-slf4j\1.7.25\jul-to-slf4j-1.7.25.jar;C:\Users\ThinKPad\.m2\repository\com\azure\azure-identity\1.0.2\azure-identity-1.0.2.jar;C:\Users\ThinKPad\.m2\repository\com\azure\azure-core\1.2.0\azure-core-1.2.0.jar;C:\Users\ThinKPad\.m2\repository\com\fasterxml\jackson\dataformat\jackson-dataformat-xml\2.9.8\jackson-dataformat-xml-2.9.8.jar;C:\Users\ThinKPad\.m2\repository\com\fasterxml\jackson\module\jackson-module-jaxb-annotations\2.9.8\jackson-module-jaxb-annotations-2.9.8.jar;C:\Users\ThinKPad\.m2\repository\org\codehaus\woodstox\stax2-api\3.1.4\stax2-api-3.1.4.jar;C:\Users\ThinKPad\.m2\repository\com\fasterxml\woodstox\woodstox-core\5.0.3\woodstox-core-5.0.3.jar;C:\Users\ThinKPad\.m2\repository\io\projectreactor\reactor-core\3.2.6.RELEASE\reactor-core-3.2.6.RELEASE.jar;C:\Users\ThinKPad\.m2\repository\org\reactivestreams\reactive-streams\1.0.2\reactive-streams-1.0.2.jar;C:\Users\ThinKPad\.m2\repository\io\netty\netty-tcnative-boringssl-static\2.0.20.Final\netty-tcnative-boringssl-static-2.0.20.Final.jar;C:\Users\ThinKPad\.m2\repository\com\microsoft\azure\msal4j\0.5.0-preview\msal4j-0.5.0-preview.jar;C:\Users\ThinKPad\.m2\repository\com\nimbusds\oauth2-oidc-sdk\6.14\oauth2-oidc-sdk-6.14.jar;C:\Users\ThinKPad\.m2\repository\com\github\stephenc\jcip\jcip-annotations\1.0-1\jcip-annotations-1.0-1.jar;C:\Users\ThinKPad\.m2\repository\com\nimbusds\lang-tag\1.5\lang-tag-1.5.jar;C:\Users\ThinKPad\.m2\repository\com\nimbusds\nimbus-jose-jwt\9.5\nimbus-jose-jwt-9.5.jar;C:\Users\ThinKPad\.m2\repository\org\nanohttpd\nanohttpd\2.3.1\nanohttpd-2.3.1.jar;C:\Users\ThinKPad\.m2\repository\net\java\dev\jna\jna-platform\4.5.2\jna-platform-4.5.2.jar;C:\Users\ThinKPad\.m2\repository\net\java\dev\jna\jna\4.5.2\jna-4.5.2.jar;C:\Users\ThinKPad\.m2\repository\org\assertj\assertj-core\3.11.1\assertj-core-3.11.1.jar;C:\Users\ThinKPad\.m2\repository\com\talenteo\mail-starter\1.0.7-SNAPSHOT\mail-starter-1.0.7-SNAPSHOT.jar;C:\Users\ThinKPad\.m2\repository\org\thymeleaf\thymeleaf-spring5\3.0.11.RELEASE\thymeleaf-spring5-3.0.11.RELEASE.jar;C:\Users\ThinKPad\.m2\repository\org\thymeleaf\thymeleaf\3.0.11.RELEASE\thymeleaf-3.0.11.RELEASE.jar;C:\Users\ThinKPad\.m2\repository\org\attoparser\attoparser\2.0.5.RELEASE\attoparser-2.0.5.RELEASE.jar;C:\Users\ThinKPad\.m2\repository\org\unbescape\unbescape\1.1.6.RELEASE\unbescape-1.1.6.RELEASE.jar;C:\Users\ThinKPad\.m2\repository\com\sendgrid\sendgrid-java\4.4.8\sendgrid-java-4.4.8.jar;C:\Users\ThinKPad\.m2\repository\com\sendgrid\java-http-client\4.3.6\java-http-client-4.3.6.jar;C:\Users\ThinKPad\.m2\repository\org\springframework\boot\spring-boot-starter-data-jpa\2.1.3.RELEASE\spring-boot-starter-data-jpa-2.1.3.RELEASE.jar;C:\Users\ThinKPad\.m2\repository\org\springframework\boot\spring-boot-starter-aop\2.1.3.RELEASE\spring-boot-starter-aop-2.1.3.RELEASE.jar;C:\Users\ThinKPad\.m2\repository\org\aspectj\aspectjweaver\1.9.2\aspectjweaver-1.9.2.jar;C:\Users\ThinKPad\.m2\repository\org\springframework\boot\spring-boot-starter-jdbc\2.1.3.RELEASE\spring-boot-starter-jdbc-2.1.3.RELEASE.jar;C:\Users\ThinKPad\.m2\repository\com\zaxxer\HikariCP\3.2.0\HikariCP-3.2.0.jar;C:\Users\ThinKPad\.m2\repository\org\springframework\spring-jdbc\5.1.5.RELEASE\spring-jdbc-5.1.5.RELEASE.jar;C:\Users\ThinKPad\.m2\repository\javax\transaction\javax.transaction-api\1.3\javax.transaction-api-1.3.jar;C:\Users\ThinKPad\.m2\repository\org\hibernate\hibernate-core\5.3.7.Final\hibernate-core-5.3.7.Final.jar;C:\Users\ThinKPad\.m2\repository\org\jboss\logging\jboss-logging\3.3.2.Final\jboss-logging-3.3.2.Final.jar;C:\Users\ThinKPad\.m2\repository\org\javassist\javassist\3.23.1-GA\javassist-3.23.1-GA.jar;C:\Users\ThinKPad\.m2\repository\net\bytebuddy\byte-buddy\1.9.10\byte-buddy-1.9.10.jar;C:\Users\ThinKPad\.m2\repository\antlr\antlr\2.7.7\antlr-2.7.7.jar;C:\Users\ThinKPad\.m2\repository\org\jboss\jandex\2.0.5.Final\jandex-2.0.5.Final.jar;C:\Users\ThinKPad\.m2\repository\com\fasterxml\classmate\1.4.0\classmate-1.4.0.jar;C:\Users\ThinKPad\.m2\repository\org\dom4j\dom4j\2.1.1\dom4j-2.1.1.jar;C:\Users\ThinKPad\.m2\repository\org\hibernate\common\hibernate-commons-annotations\5.0.4.Final\hibernate-commons-annotations-5.0.4.Final.jar;C:\Users\ThinKPad\.m2\repository\org\springframework\data\spring-data-jpa\2.1.5.RELEASE\spring-data-jpa-2.1.5.RELEASE.jar;C:\Users\ThinKPad\.m2\repository\org\springframework\data\spring-data-commons\2.1.5.RELEASE\spring-data-commons-2.1.5.RELEASE.jar;C:\Users\ThinKPad\.m2\repository\org\springframework\spring-orm\5.1.5.RELEASE\spring-orm-5.1.5.RELEASE.jar;C:\Users\ThinKPad\.m2\repository\org\springframework\spring-tx\5.1.5.RELEASE\spring-tx-5.1.5.RELEASE.jar;C:\Users\ThinKPad\.m2\repository\org\springframework\spring-aspects\5.1.5.RELEASE\spring-aspects-5.1.5.RELEASE.jar;C:\Users\ThinKPad\.m2\repository\org\liquibase\liquibase-core\3.6.3\liquibase-core-3.6.3.jar;C:\Users\ThinKPad\.m2\repository\org\yaml\snakeyaml\1.23\snakeyaml-1.23.jar;C:\Users\ThinKPad\.m2\repository\com\h2database\h2\1.4.197\h2-1.4.197.jar;C:\Users\ThinKPad\.m2\repository\org\postgresql\postgresql\42.2.5\postgresql-42.2.5.jar;C:\Users\ThinKPad\.m2\repository\javax\mail\javax.mail-api\1.6.2\javax.mail-api-1.6.2.jar;C:\Users\ThinKPad\.m2\repository\org\springframework\boot\spring-boot-starter-mail\2.1.3.RELEASE\spring-boot-starter-mail-2.1.3.RELEASE.jar;C:\Users\ThinKPad\.m2\repository\org\springframework\boot\spring-boot-starter\2.1.3.RELEASE\spring-boot-starter-2.1.3.RELEASE.jar;C:\Users\ThinKPad\.m2\repository\org\springframework\boot\spring-boot-autoconfigure\2.1.3.RELEASE\spring-boot-autoconfigure-2.1.3.RELEASE.jar;C:\Users\ThinKPad\.m2\repository\org\springframework\spring-context-support\5.1.5.RELEASE\spring-context-support-5.1.5.RELEASE.jar;C:\Users\ThinKPad\.m2\repository\com\sun\mail\javax.mail\1.6.2\javax.mail-1.6.2.jar;C:\Users\ThinKPad\.m2\repository\javax\activation\activation\1.1\activation-1.1.jar;C:\Users\ThinKPad\.m2\repository\javax\annotation\javax.annotation-api\1.3.2\javax.annotation-api-1.3.2.jar;C:\Users\ThinKPad\.m2\repository\javax\xml\bind\jaxb-api\2.4.0-b180725.0427\jaxb-api-2.4.0-b180725.0427.jar;C:\Users\ThinKPad\.m2\repository\javax\activation\javax.activation-api\1.2.0\javax.activation-api-1.2.0.jar;C:\Users\ThinKPad\.m2\repository\org\glassfish\jaxb\jaxb-runtime\2.4.0-b180725.0644\jaxb-runtime-2.4.0-b180725.0644.jar;C:\Users\ThinKPad\.m2\repository\org\glassfish\jaxb\txw2\2.4.0-b180725.0644\txw2-2.4.0-b180725.0644.jar;C:\Users\ThinKPad\.m2\repository\com\sun\istack\istack-commons-runtime\3.0.6\istack-commons-runtime-3.0.6.jar;C:\Users\ThinKPad\.m2\repository\org\jvnet\staxex\stax-ex\1.8\stax-ex-1.8.jar;C:\Users\ThinKPad\.m2\repository\com\sun\xml\fastinfoset\FastInfoset\1.2.14\FastInfoset-1.2.14.jar;C:\Users\ThinKPad\.m2\repository\ch\qos\logback\logback-classic\1.2.3\logback-classic-1.2.3.jar;C:\Users\ThinKPad\.m2\repository\ch\qos\logback\logback-core\1.2.3\logback-core-1.2.3.jar;C:\Users\ThinKPad\.m2\repository\org\slf4j\jcl-over-slf4j\1.7.25\jcl-over-slf4j-1.7.25.jar;C:\Users\ThinKPad\.m2\repository\org\slf4j\log4j-over-slf4j\1.7.25\log4j-over-slf4j-1.7.25.jar;C:\Users\ThinKPad\.m2\repository\org\slf4j\slf4j-api\1.7.25\slf4j-api-1.7.25.jar;C:\Users\ThinKPad\.m2\repository\com\google\guava\guava\28.0-jre\guava-28.0-jre.jar;C:\Users\ThinKPad\.m2\repository\com\google\guava\failureaccess\1.0.1\failureaccess-1.0.1.jar;C:\Users\ThinKPad\.m2\repository\com\google\guava\listenablefuture\9999.0-empty-to-avoid-conflict-with-guava\listenablefuture-9999.0-empty-to-avoid-conflict-with-guava.jar;C:\Users\ThinKPad\.m2\repository\com\google\code\findbugs\jsr305\3.0.2\jsr305-3.0.2.jar;C:\Users\ThinKPad\.m2\repository\org\checkerframework\checker-qual\2.8.1\checker-qual-2.8.1.jar;C:\Users\ThinKPad\.m2\repository\com\google\errorprone\error_prone_annotations\2.3.2\error_prone_annotations-2.3.2.jar;C:\Users\ThinKPad\.m2\repository\com\google\j2objc\j2objc-annotations\1.3\j2objc-annotations-1.3.jar;C:\Users\ThinKPad\.m2\repository\org\codehaus\mojo\animal-sniffer-annotations\1.17\animal-sniffer-annotations-1.17.jar;C:\Users\ThinKPad\.m2\repository\javax\inject\javax.inject\1\javax.inject-1.jar;C:\Users\ThinKPad\.m2\repository\org\projectlombok\lombok\1.18.6\lombok-1.18.6.jar;C:\Users\ThinKPad\.m2\repository\org\apache\commons\commons-lang3\3.8.1\commons-lang3-3.8.1.jar;C:\Users\ThinKPad\.m2\repository\org\apache\commons\commons-collections4\4.3\commons-collections4-4.3.jar;C:\Users\ThinKPad\.m2\repository\com\google\code\gson\gson\2.8.5\gson-2.8.5.jar;C:\Users\ThinKPad\.m2\repository\org\springframework\boot\spring-boot-starter-test\2.1.3.RELEASE\spring-boot-starter-test-2.1.3.RELEASE.jar;C:\Users\ThinKPad\.m2\repository\org\springframework\boot\spring-boot-test\2.1.3.RELEASE\spring-boot-test-2.1.3.RELEASE.jar;C:\Users\ThinKPad\.m2\repository\org\springframework\boot\spring-boot-test-autoconfigure\2.1.3.RELEASE\spring-boot-test-autoconfigure-2.1.3.RELEASE.jar;C:\Users\ThinKPad\.m2\repository\com\jayway\jsonpath\json-path\2.4.0\json-path-2.4.0.jar;C:\Users\ThinKPad\.m2\repository\net\minidev\json-smart\2.3\json-smart-2.3.jar;C:\Users\ThinKPad\.m2\repository\net\minidev\accessors-smart\1.2\accessors-smart-1.2.jar;C:\Users\ThinKPad\.m2\repository\org\ow2\asm\asm\5.0.4\asm-5.0.4.jar;C:\Users\ThinKPad\.m2\repository\org\mockito\mockito-core\2.23.4\mockito-core-2.23.4.jar;C:\Users\ThinKPad\.m2\repository\net\bytebuddy\byte-buddy-agent\1.9.10\byte-buddy-agent-1.9.10.jar;C:\Users\ThinKPad\.m2\repository\org\objenesis\objenesis\2.6\objenesis-2.6.jar;C:\Users\ThinKPad\.m2\repository\org\hamcrest\hamcrest-core\1.3\hamcrest-core-1.3.jar;C:\Users\ThinKPad\.m2\repository\org\hamcrest\hamcrest-library\1.3\hamcrest-library-1.3.jar;C:\Users\ThinKPad\.m2\repository\org\skyscreamer\jsonassert\1.5.0\jsonassert-1.5.0.jar;C:\Users\ThinKPad\.m2\repository\com\vaadin\external\google\android-json\0.0.20131108.vaadin1\android-json-0.0.20131108.vaadin1.jar;C:\Users\ThinKPad\.m2\repository\org\springframework\spring-core\5.1.5.RELEASE\spring-core-5.1.5.RELEASE.jar;C:\Users\ThinKPad\.m2\repository\org\springframework\spring-jcl\5.1.5.RELEASE\spring-jcl-5.1.5.RELEASE.jar;C:\Users\ThinKPad\.m2\repository\org\springframework\spring-test\5.1.5.RELEASE\spring-test-5.1.5.RELEASE.jar;C:\Users\ThinKPad\.m2\repository\org\xmlunit\xmlunit-core\2.6.2\xmlunit-core-2.6.2.jar;C:\Users\ThinKPad\.m2\repository\org\junit\jupiter\junit-jupiter-engine\5.3.2\junit-jupiter-engine-5.3.2.jar;C:\Users\ThinKPad\.m2\repository\org\apiguardian\apiguardian-api\1.0.0\apiguardian-api-1.0.0.jar;C:\Users\ThinKPad\.m2\repository\org\junit\platform\junit-platform-engine\1.3.2\junit-platform-engine-1.3.2.jar;C:\Users\ThinKPad\.m2\repository\org\junit\platform\junit-platform-commons\1.3.2\junit-platform-commons-1.3.2.jar;C:\Users\ThinKPad\.m2\repository\org\opentest4j\opentest4j\1.1.1\opentest4j-1.1.1.jar;C:\Users\ThinKPad\.m2\repository\org\junit\jupiter\junit-jupiter-api\5.3.2\junit-jupiter-api-5.3.2.jar;C:\Users\ThinKPad\.m2\repository\org\springframework\security\spring-security-test\5.1.4.RELEASE\spring-security-test-5.1.4.RELEASE.jar;C:\Users\ThinKPad\.m2\repository\org\springframework\security\spring-security-web\5.1.4.RELEASE\spring-security-web-5.1.4.RELEASE.jar;C:\Users\ThinKPad\.m2\repository\com\easyms\easyms-basic-starter\1.0.4-SNAPSHOT\easyms-basic-starter-1.0.4-SNAPSHOT.jar;C:\Users\ThinKPad\.m2\repository\org\springframework\boot\spring-boot\2.1.3.RELEASE\spring-boot-2.1.3.RELEASE.jar;"/>
    <property name="sun.cpu.endian" value="little"/>
    <property name="user.home" value="C:\Users\ThinKPad"/>
    <property name="user.language" value="fr"/>
    <property name="java.specification.vendor" value="Oracle Corporation"/>
    <property name="java.version.date" value="2021-01-19"/>
    <property name="java.home" value="C:\Program Files\Java\jdk-11.0.10"/>
    <property name="file.separator" value="\"/>
    <property name="basedir" value="C:\Users\ThinKPad\training\hr-ms"/>
    <property name="java.vm.compressedOopsMode" value="Zero based"/>
    <property name="line.separator" value="&#10;"/>
    <property name="java.specification.name" value="Java Platform API Specification"/>
    <property name="java.vm.specification.vendor" value="Oracle Corporation"/>
    <property name="java.awt.graphicsenv" value="sun.awt.Win32GraphicsEnvironment"/>
    <property name="surefire.real.class.path" value="C:\Users\ThinKPad\AppData\Local\Temp\surefire184522031958082284\surefirebooter11367349427977591977.jar"/>
    <property name="user.script" value=""/>
    <property name="sun.management.compiler" value="HotSpot 64-Bit Tiered Compilers"/>
    <property name="java.runtime.version" value="11.0.10+8-LTS-162"/>
    <property name="user.name" value="ThinKPad"/>
    <property name="path.separator" value=";"/>
    <property name="os.version" value="10.0"/>
    <property name="java.runtime.name" value="Java(TM) SE Runtime Environment"/>
    <property name="file.encoding" value="Cp1252"/>
    <property name="java.vm.name" value="Java HotSpot(TM) 64-Bit Server VM"/>
    <property name="java.vendor.version" value="18.9"/>
    <property name="localRepository" value="C:\Users\ThinKPad\.m2\repository"/>
    <property name="java.vendor.url.bug" value="https://bugreport.java.com/bugreport/"/>
    <property name="java.io.tmpdir" value="C:\Users\ThinKPad\AppData\Local\Temp\"/>
    <property name="java.version" value="11.0.10"/>
    <property name="user.dir" value="C:\Users\ThinKPad\training\hr-ms"/>
    <property name="os.arch" value="amd64"/>
    <property name="java.vm.specification.name" value="Java Virtual Machine Specification"/>
    <property name="java.awt.printerjob" value="sun.awt.windows.WPrinterJob"/>
    <property name="sun.os.patch.level" value=""/>
    <property name="java.library.path" value="C:\Program Files\Java\jdk-11.0.10\bin;C:\Windows\Sun\Java\bin;C:\Windows\system32;C:\Windows;C:\Program Files\Common Files\Oracle\Java\javapath;C:\Program Files (x86)\Common Files\Oracle\Java\javapath;C:\Windows\system32;C:\Windows;C:\Windows\System32\Wbem;C:\Windows\System32\WindowsPowerShell\v1.0\;C:\Windows\System32\OpenSSH\;C:\Program Files\Intel\WiFi\bin\;C:\Program Files\Common Files\Intel\WirelessCommon\;C:\Outils\play-2.2.1;C:\Program Files\Git\cmd;C:\Program Files (x86)\sbt\bin;C:\Program Files\nodejs\;C:\Users\ThinKPad\kubectl;C:\Program Files\Docker\Docker\resources\bin;C:\ProgramData\DockerDesktop\version-bin;C:\Users\ThinKPad\terraform;C:\Users\ThinKPad\apache-maven-3.6.3-bin\apache-maven-3.6.3\bin;C:\Program Files\Java\jdk-11.0.10\bin;C:\Program Files\MySQL\MySQL Shell 8.0\bin\;C:\Users\ThinKPad\AppData\Local\Programs\Python\Python38\Scripts\;C:\Users\ThinKPad\AppData\Local\Programs\Python\Python38\;C:\Users\ThinKPad\AppData\Local\Microsoft\WindowsApps;C:\Users\ThinKPad\AppData\Local\Programs\Microsoft VS Code\bin;C:\Users\ThinKPad\AppData\Local\GitHubDesktop\bin;C:\Users\ThinKPad\AppData\Roaming\npm;C:\Program Files\JetBrains\DataGrip 2020.3.1\bin;;;."/>
    <property name="java.vendor" value="Oracle Corporation"/>
    <property name="java.vm.info" value="mixed mode"/>
    <property name="java.vm.version" value="11.0.10+8-LTS-162"/>
    <property name="sun.io.unicode.encoding" value="UnicodeLittle"/>
    <property name="java.class.version" value="55.0"/>
  </properties>
  <testcase name="should_return_forbidden_when_creating_address" classname="com.talenteo.hr.api.AddressResourceTest" time="1.345"/>
  <testcase name="should_return_ok_when_creating_address" classname="com.talenteo.hr.api.AddressResourceTest" time="0.009"/>
</testsuite>